#
# There is insufficient memory for the Java Runtime Environment to continue.
# Native memory allocation (malloc) failed to allocate 1048576 bytes for AllocateHeap
# Possible reasons:
#   The system is out of physical RAM or swap space
#   The process is running with CompressedOops enabled, and the Java Heap may be blocking the growth of the native heap
# Possible solutions:
#   Reduce memory load on the system
#   Increase physical memory or swap space
#   Check if swap backing store is full
#   Decrease Java heap size (-Xmx/-Xms)
#   Decrease number of Java threads
#   Decrease Java thread stack sizes (-Xss)
#   Set larger code cache with -XX:ReservedCodeCacheSize=
#   JVM is running with Unscaled Compressed Oops mode in which the Java heap is
#     placed in the first 4GB address space. The Java Heap base address is the
#     maximum limit for the native heap growth. Please use -XX:HeapBaseMinAddress
#     to set the Java Heap base and to place the Java Heap above 4GB virtual address.
# This output file may be truncated or incomplete.
#
#  Out of Memory Error (allocation.cpp:44), pid=6628, tid=11164
#
# JRE version: OpenJDK Runtime Environment Temurin-17.0.5+8 (17.0.5+8) (build 17.0.5+8)
# Java VM: OpenJDK 64-Bit Server VM Temurin-17.0.5+8 (17.0.5+8, mixed mode, emulated-client, tiered, compressed oops, compressed class ptrs, g1 gc, windows-amd64)
# No core dump will be written. Minidumps are not enabled by default on client versions of Windows
#

---------------  S U M M A R Y ------------

Command Line: -Dsts.lsp.client=vscode -Dsts.log.file=/dev/null -XX:TieredStopAtLevel=1 -Xlog:jni+resolve=off -Dspring.config.location=file:c:\Users\crist\.vscode\extensions\pivotal.vscode-spring-boot-1.42.0\language-server\BOOT-INF\classes\application.properties org.springframework.ide.vscode.boot.app.BootLanguageServerBootApp

Host: Intel(R) Core(TM) i5-4210U CPU @ 1.70GHz, 4 cores, 3G,  Windows 10 , 64 bit Build 19041 (10.0.19041.2364)
Time: Sat Dec 24 23:08:23 2022 Hora oficial do Brasil elapsed time: 4982.549787 seconds (0d 1h 23m 2s)

---------------  T H R E A D  ---------------

Current thread (0x0000021f42170c00):  VMThread "VM Thread" [stack: 0x0000008119100000,0x0000008119200000] [id=11164]

Stack: [0x0000008119100000,0x0000008119200000]
Native frames: (J=compiled Java code, j=interpreted, Vv=VM code, C=native code)
V  [jvm.dll+0x676b3a]
V  [jvm.dll+0x831444]
V  [jvm.dll+0x832bee]
V  [jvm.dll+0x833253]
V  [jvm.dll+0x244ce5]
V  [jvm.dll+0xa631f]
V  [jvm.dll+0x2f4f03]
V  [jvm.dll+0x2f0c10]
V  [jvm.dll+0x2d92f7]
V  [jvm.dll+0x31c3b7]
V  [jvm.dll+0x8376fb]
V  [jvm.dll+0x838434]
V  [jvm.dll+0x83894c]
V  [jvm.dll+0x838d24]
V  [jvm.dll+0x838df0]
V  [jvm.dll+0x7e17ea]
V  [jvm.dll+0x6759e5]
C  [ucrtbase.dll+0x21bb2]
C  [KERNEL32.DLL+0x17614]
C  [ntdll.dll+0x526a1]

VM_Operation (0x000000811a2ff030): G1CollectFull, mode: safepoint, requested by thread 0x0000021f43d07850


---------------  P R O C E S S  ---------------

Threads class SMR info:
_java_thread_list=0x0000021f44311be0, length=26, elements={
0x0000021f42193790, 0x0000021f42195bb0, 0x0000021f421d4a40, 0x0000021f421d55c0,
0x0000021f421d7630, 0x0000021f421dbb90, 0x0000021f421dd0b0, 0x0000021f421e70c0,
0x0000021f42dc42a0, 0x0000021f42deaa30, 0x0000021f4403b690, 0x0000021f43d07850,
0x0000021f44037b50, 0x0000021f37d09d60, 0x0000021f44036360, 0x0000021f44261ab0,
0x0000021f435b6a90, 0x0000021f42d15600, 0x0000021f436b1820, 0x0000021f42d15ad0,
0x0000021f44521170, 0x0000021f44524ff0, 0x0000021f42d15130, 0x0000021f44521640,
0x0000021f46ee03c0, 0x0000021f445254c0
}

Java Threads: ( => current thread )
  0x0000021f42193790 JavaThread "Reference Handler" daemon [_thread_blocked, id=7860, stack(0x0000008119200000,0x0000008119300000)]
  0x0000021f42195bb0 JavaThread "Finalizer" daemon [_thread_blocked, id=8960, stack(0x0000008119300000,0x0000008119400000)]
  0x0000021f421d4a40 JavaThread "Signal Dispatcher" daemon [_thread_blocked, id=7780, stack(0x0000008119400000,0x0000008119500000)]
  0x0000021f421d55c0 JavaThread "Attach Listener" daemon [_thread_blocked, id=10584, stack(0x0000008119500000,0x0000008119600000)]
  0x0000021f421d7630 JavaThread "Service Thread" daemon [_thread_blocked, id=1120, stack(0x0000008119600000,0x0000008119700000)]
  0x0000021f421dbb90 JavaThread "Monitor Deflation Thread" daemon [_thread_blocked, id=17876, stack(0x0000008119700000,0x0000008119800000)]
  0x0000021f421dd0b0 JavaThread "C1 CompilerThread0" daemon [_thread_blocked, id=11000, stack(0x0000008119800000,0x0000008119900000)]
  0x0000021f421e70c0 JavaThread "Sweeper thread" daemon [_thread_blocked, id=16492, stack(0x0000008119900000,0x0000008119a00000)]
  0x0000021f42dc42a0 JavaThread "Notification Thread" daemon [_thread_blocked, id=5960, stack(0x0000008119b00000,0x0000008119c00000)]
  0x0000021f42deaa30 JavaThread "Common-Cleaner" daemon [_thread_blocked, id=12876, stack(0x0000008119d00000,0x0000008119e00000)]
  0x0000021f4403b690 JavaThread "boundedElastic-evictor-1" daemon [_thread_blocked, id=10604, stack(0x000000811a100000,0x000000811a200000)]
  0x0000021f43d07850 JavaThread "pool-11-thread-1" [_thread_blocked, id=17352, stack(0x000000811a200000,0x000000811a300000)]
  0x0000021f44037b50 JavaThread "LanguageServerApp-lifecycle" [_thread_blocked, id=18280, stack(0x000000811a300000,0x000000811a400000)]
  0x0000021f37d09d60 JavaThread "DestroyJavaVM" [_thread_blocked, id=12340, stack(0x0000008118b00000,0x0000008118c00000)]
  0x0000021f44036360 JavaThread "pool-12-thread-1" [_thread_in_native, id=11368, stack(0x000000811a400000,0x000000811a500000)]
  0x0000021f44261ab0 JavaThread "Simple-Language-Server main thread" daemon [_thread_blocked, id=920, stack(0x000000811a500000,0x000000811a600000)]
  0x0000021f435b6a90 JavaThread "parallel-1" daemon [_thread_blocked, id=8356, stack(0x000000811a600000,0x000000811a700000)]
  0x0000021f42d15600 JavaThread "pool-6-thread-1" [_thread_blocked, id=10360, stack(0x000000811b300000,0x000000811b400000)]
  0x0000021f436b1820 JavaThread "pool-10-thread-1" [_thread_blocked, id=17928, stack(0x000000811b400000,0x000000811b500000)]
  0x0000021f42d15ad0 JavaThread "parallel-2" daemon [_thread_blocked, id=16068, stack(0x000000811b500000,0x000000811b600000)]
  0x0000021f44521170 JavaThread "pool-10-thread-2" [_thread_blocked, id=10536, stack(0x000000811b700000,0x000000811b800000)]
  0x0000021f44524ff0 JavaThread "pool-10-thread-3" [_thread_blocked, id=18228, stack(0x000000811b800000,0x000000811b900000)]
  0x0000021f42d15130 JavaThread "parallel-3" daemon [_thread_blocked, id=8, stack(0x000000811b900000,0x000000811ba00000)]
  0x0000021f44521640 JavaThread "parallel-4" daemon [_thread_blocked, id=2016, stack(0x000000811ba00000,0x000000811bb00000)]
  0x0000021f46ee03c0 JavaThread "pool-8-thread-1" [_thread_blocked, id=16796, stack(0x0000008118800000,0x0000008118900000)]
  0x0000021f445254c0 JavaThread "Reconciler-1" daemon [_thread_blocked, id=14664, stack(0x0000008118900000,0x0000008118a00000)]

Other Threads:
=>0x0000021f42170c00 VMThread "VM Thread" [stack: 0x0000008119100000,0x0000008119200000] [id=11164]
  0x0000021f42de8790 WatcherThread [stack: 0x0000008119c00000,0x0000008119d00000] [id=13840]
  0x0000021f37d43440 GCTaskThread "GC Thread#0" [stack: 0x0000008118c00000,0x0000008118d00000] [id=16168]
  0x0000021f437032e0 GCTaskThread "GC Thread#1" [stack: 0x0000008119e00000,0x0000008119f00000] [id=10244]
  0x0000021f43710280 GCTaskThread "GC Thread#2" [stack: 0x0000008119f00000,0x000000811a000000] [id=14804]
  0x0000021f439b9ce0 GCTaskThread "GC Thread#3" [stack: 0x000000811a000000,0x000000811a100000] [id=16464]
  0x0000021f37d4bed0 ConcurrentGCThread "G1 Main Marker" [stack: 0x0000008118d00000,0x0000008118e00000] [id=16152]
  0x0000021f37d4cf80 ConcurrentGCThread "G1 Conc#0" [stack: 0x0000008118e00000,0x0000008118f00000] [id=13376]
  0x0000021f37d9bf50 ConcurrentGCThread "G1 Refine#0" [stack: 0x0000008118f00000,0x0000008119000000] [id=14016]
  0x0000021f442fd830 ConcurrentGCThread "G1 Refine#1" [stack: 0x000000811b000000,0x000000811b100000] [id=9596]
  0x0000021f44611910 ConcurrentGCThread "G1 Refine#2" [stack: 0x000000811b100000,0x000000811b200000] [id=2624]
  0x0000021f44571750 ConcurrentGCThread "G1 Refine#3" [stack: 0x000000811b200000,0x000000811b300000] [id=8360]
  0x0000021f37d9c870 ConcurrentGCThread "G1 Service" [stack: 0x0000008119000000,0x0000008119100000] [id=9504]

Threads with active compile tasks:

VM state: at safepoint (normal execution)

VM Mutex/Monitor currently owned by a thread:  ([mutex/lock_event])
[0x0000021f35b6da80] Threads_lock - owner thread: 0x0000021f42170c00
[0x0000021f37cf8e90] Heap_lock - owner thread: 0x0000021f43d07850

Heap address: 0x00000000c1600000, size: 1002 MB, Compressed Oops mode: 32-bit

CDS archive(s) not mapped
Compressed class space mapped at: 0x0000000100000000-0x0000000140000000, reserved size: 1073741824
Narrow klass base: 0x0000000000000000, Narrow klass shift: 3, Narrow klass range: 0x140000000

GC Precious Log:
 CPUs: 4 total, 4 available
 Memory: 4000M
 Large Page Support: Disabled
 NUMA Support: Disabled
 Compressed Oops: Enabled (32-bit)
 Heap Region Size: 1M
 Heap Min Capacity: 8M
 Heap Initial Capacity: 64M
 Heap Max Capacity: 1002M
 Pre-touch: Disabled
 Parallel Workers: 4
 Concurrent Workers: 1
 Concurrent Refinement Workers: 4
 Periodic GC: Disabled

Heap:
 garbage-first heap   total 222208K, used 66058K [0x00000000c1600000, 0x0000000100000000)
  region size 1024K, 1 young (1024K), 0 survivors (0K)
 Metaspace       used 67479K, committed 67968K, reserved 1114112K
  class space    used 9074K, committed 9280K, reserved 1048576K

Heap Regions: E=young(eden), S=young(survivor), O=old, HS=humongous(starts), HC=humongous(continues), CS=collection set, F=free, OA=open archive, CA=closed archive, TAMS=top-at-mark-start (previous, next)
|   0|0x00000000c1600000, 0x00000000c16ffff8, 0x00000000c1700000| 99%| O|  |TAMS 0x00000000c16ffff8, 0x00000000c1600000| Untracked 
|   1|0x00000000c1700000, 0x00000000c17ffef8, 0x00000000c1800000| 99%| O|  |TAMS 0x00000000c17ffef8, 0x00000000c1700000| Untracked 
|   2|0x00000000c1800000, 0x00000000c1900000, 0x00000000c1900000|100%| O|  |TAMS 0x00000000c1900000, 0x00000000c1800000| Untracked 
|   3|0x00000000c1900000, 0x00000000c1a00000, 0x00000000c1a00000|100%| O|  |TAMS 0x00000000c1a00000, 0x00000000c1900000| Untracked 
|   4|0x00000000c1a00000, 0x00000000c1b00000, 0x00000000c1b00000|100%| O|  |TAMS 0x00000000c1b00000, 0x00000000c1a00000| Untracked 
|   5|0x00000000c1b00000, 0x00000000c1bfffd0, 0x00000000c1c00000| 99%| O|  |TAMS 0x00000000c1bfffd0, 0x00000000c1b00000| Untracked 
|   6|0x00000000c1c00000, 0x00000000c1d00000, 0x00000000c1d00000|100%| O|  |TAMS 0x00000000c1d00000, 0x00000000c1c00000| Untracked 
|   7|0x00000000c1d00000, 0x00000000c1e00000, 0x00000000c1e00000|100%| O|  |TAMS 0x00000000c1e00000, 0x00000000c1d00000| Untracked 
|   8|0x00000000c1e00000, 0x00000000c1effff0, 0x00000000c1f00000| 99%| O|  |TAMS 0x00000000c1effff0, 0x00000000c1e00000| Untracked 
|   9|0x00000000c1f00000, 0x00000000c2000000, 0x00000000c2000000|100%| O|  |TAMS 0x00000000c2000000, 0x00000000c1f00000| Untracked 
|  10|0x00000000c2000000, 0x00000000c20fe710, 0x00000000c2100000| 99%| O|  |TAMS 0x00000000c20fe710, 0x00000000c2000000| Untracked 
|  11|0x00000000c2100000, 0x00000000c21fffe8, 0x00000000c2200000| 99%| O|  |TAMS 0x00000000c21fffe8, 0x00000000c2100000| Untracked 
|  12|0x00000000c2200000, 0x00000000c22fffd8, 0x00000000c2300000| 99%| O|  |TAMS 0x00000000c22fffd8, 0x00000000c2200000| Untracked 
|  13|0x00000000c2300000, 0x00000000c23fffd0, 0x00000000c2400000| 99%| O|  |TAMS 0x00000000c23fffd0, 0x00000000c2300000| Untracked 
|  14|0x00000000c2400000, 0x00000000c24ffff8, 0x00000000c2500000| 99%| O|  |TAMS 0x00000000c24ffff8, 0x00000000c2400000| Untracked 
|  15|0x00000000c2500000, 0x00000000c2600000, 0x00000000c2600000|100%| O|  |TAMS 0x00000000c2600000, 0x00000000c2500000| Untracked 
|  16|0x00000000c2600000, 0x00000000c26fffc0, 0x00000000c2700000| 99%| O|  |TAMS 0x00000000c26fffc0, 0x00000000c2600000| Untracked 
|  17|0x00000000c2700000, 0x00000000c27ffff0, 0x00000000c2800000| 99%| O|  |TAMS 0x00000000c27ffff0, 0x00000000c2700000| Untracked 
|  18|0x00000000c2800000, 0x00000000c28fffe8, 0x00000000c2900000| 99%| O|  |TAMS 0x00000000c28fffe8, 0x00000000c2800000| Untracked 
|  19|0x00000000c2900000, 0x00000000c29ffff0, 0x00000000c2a00000| 99%| O|  |TAMS 0x00000000c29ffff0, 0x00000000c2900000| Untracked 
|  20|0x00000000c2a00000, 0x00000000c2afffd8, 0x00000000c2b00000| 99%| O|  |TAMS 0x00000000c2afffd8, 0x00000000c2a00000| Untracked 
|  21|0x00000000c2b00000, 0x00000000c2bfffe8, 0x00000000c2c00000| 99%| O|  |TAMS 0x00000000c2bfffe8, 0x00000000c2b00000| Untracked 
|  22|0x00000000c2c00000, 0x00000000c2cffff8, 0x00000000c2d00000| 99%| O|  |TAMS 0x00000000c2cffff8, 0x00000000c2c00000| Untracked 
|  23|0x00000000c2d00000, 0x00000000c2dfffd8, 0x00000000c2e00000| 99%| O|  |TAMS 0x00000000c2dfffd8, 0x00000000c2d00000| Untracked 
|  24|0x00000000c2e00000, 0x00000000c2efff10, 0x00000000c2f00000| 99%| O|  |TAMS 0x00000000c2efff10, 0x00000000c2e00000| Untracked 
|  25|0x00000000c2f00000, 0x00000000c3000000, 0x00000000c3000000|100%| O|  |TAMS 0x00000000c3000000, 0x00000000c2f00000| Untracked 
|  26|0x00000000c3000000, 0x00000000c30fffd8, 0x00000000c3100000| 99%| O|  |TAMS 0x00000000c30fffd8, 0x00000000c3000000| Untracked 
|  27|0x00000000c3100000, 0x00000000c3200000, 0x00000000c3200000|100%| O|  |TAMS 0x00000000c3200000, 0x00000000c3100000| Untracked 
|  28|0x00000000c3200000, 0x00000000c32ffff8, 0x00000000c3300000| 99%| O|  |TAMS 0x00000000c32ffff8, 0x00000000c3200000| Untracked 
|  29|0x00000000c3300000, 0x00000000c33fffc8, 0x00000000c3400000| 99%| O|  |TAMS 0x00000000c33fffc8, 0x00000000c3300000| Untracked 
|  30|0x00000000c3400000, 0x00000000c34ffff8, 0x00000000c3500000| 99%| O|  |TAMS 0x00000000c34ffff8, 0x00000000c3400000| Untracked 
|  31|0x00000000c3500000, 0x00000000c35fffe8, 0x00000000c3600000| 99%| O|  |TAMS 0x00000000c35fffe8, 0x00000000c3500000| Untracked 
|  32|0x00000000c3600000, 0x00000000c3700000, 0x00000000c3700000|100%|HS|  |TAMS 0x00000000c3700000, 0x00000000c3600000| Untracked 
|  33|0x00000000c3700000, 0x00000000c3800000, 0x00000000c3800000|100%| O|  |TAMS 0x00000000c3800000, 0x00000000c3700000| Untracked 
|  34|0x00000000c3800000, 0x00000000c38ffff8, 0x00000000c3900000| 99%| O|  |TAMS 0x00000000c38ffff8, 0x00000000c3800000| Untracked 
|  35|0x00000000c3900000, 0x00000000c39fffb8, 0x00000000c3a00000| 99%| O|  |TAMS 0x00000000c39fffb8, 0x00000000c3900000| Untracked 
|  36|0x00000000c3a00000, 0x00000000c3af99e8, 0x00000000c3b00000| 97%| O|  |TAMS 0x00000000c3af99e8, 0x00000000c3a00000| Untracked 
|  37|0x00000000c3b00000, 0x00000000c3bfffc8, 0x00000000c3c00000| 99%| O|  |TAMS 0x00000000c3bfffc8, 0x00000000c3b00000| Untracked 
|  38|0x00000000c3c00000, 0x00000000c3cfffc8, 0x00000000c3d00000| 99%| O|  |TAMS 0x00000000c3cfffc8, 0x00000000c3c00000| Untracked 
|  39|0x00000000c3d00000, 0x00000000c3dfcfd0, 0x00000000c3e00000| 98%| O|  |TAMS 0x00000000c3dfcfd0, 0x00000000c3d00000| Untracked 
|  40|0x00000000c3e00000, 0x00000000c3effff8, 0x00000000c3f00000| 99%| O|  |TAMS 0x00000000c3effff8, 0x00000000c3e00000| Untracked 
|  41|0x00000000c3f00000, 0x00000000c3ffffd0, 0x00000000c4000000| 99%| O|  |TAMS 0x00000000c3ffffd0, 0x00000000c3f00000| Untracked 
|  42|0x00000000c4000000, 0x00000000c40fffe8, 0x00000000c4100000| 99%| O|  |TAMS 0x00000000c40fffe8, 0x00000000c4000000| Untracked 
|  43|0x00000000c4100000, 0x00000000c4200000, 0x00000000c4200000|100%| O|  |TAMS 0x00000000c4200000, 0x00000000c4100000| Untracked 
|  44|0x00000000c4200000, 0x00000000c42ffe80, 0x00000000c4300000| 99%| O|  |TAMS 0x00000000c42ffe80, 0x00000000c4200000| Untracked 
|  45|0x00000000c4300000, 0x00000000c4400000, 0x00000000c4400000|100%| O|  |TAMS 0x00000000c4400000, 0x00000000c4300000| Untracked 
|  46|0x00000000c4400000, 0x00000000c44ffff8, 0x00000000c4500000| 99%| O|  |TAMS 0x00000000c44ffff8, 0x00000000c4400000| Untracked 
|  47|0x00000000c4500000, 0x00000000c4600000, 0x00000000c4600000|100%| O|  |TAMS 0x00000000c4600000, 0x00000000c4500000| Untracked 
|  48|0x00000000c4600000, 0x00000000c4700000, 0x00000000c4700000|100%| O|  |TAMS 0x00000000c4700000, 0x00000000c4600000| Untracked 
|  49|0x00000000c4700000, 0x00000000c4800000, 0x00000000c4800000|100%| O|  |TAMS 0x00000000c4800000, 0x00000000c4700000| Untracked 
|  50|0x00000000c4800000, 0x00000000c4900000, 0x00000000c4900000|100%| O|  |TAMS 0x00000000c4900000, 0x00000000c4800000| Untracked 
|  51|0x00000000c4900000, 0x00000000c49fb900, 0x00000000c4a00000| 98%| O|  |TAMS 0x00000000c49fb900, 0x00000000c4900000| Untracked 
|  52|0x00000000c4a00000, 0x00000000c4afffd0, 0x00000000c4b00000| 99%| O|  |TAMS 0x00000000c4afffd0, 0x00000000c4a00000| Untracked 
|  53|0x00000000c4b00000, 0x00000000c4bee628, 0x00000000c4c00000| 93%| O|  |TAMS 0x00000000c4b00000, 0x00000000c4b00000| Untracked 
|  54|0x00000000c4c00000, 0x00000000c4d00000, 0x00000000c4d00000|100%| O|  |TAMS 0x00000000c4d00000, 0x00000000c4c00000| Untracked 
|  55|0x00000000c4d00000, 0x00000000c4e00000, 0x00000000c4e00000|100%| O|  |TAMS 0x00000000c4e00000, 0x00000000c4d00000| Untracked 
|  56|0x00000000c4e00000, 0x00000000c4efffe8, 0x00000000c4f00000| 99%| O|  |TAMS 0x00000000c4efffe8, 0x00000000c4e00000| Untracked 
|  57|0x00000000c4f00000, 0x00000000c4fffff8, 0x00000000c5000000| 99%| O|  |TAMS 0x00000000c4fffff8, 0x00000000c4f00000| Untracked 
|  58|0x00000000c5000000, 0x00000000c5100000, 0x00000000c5100000|100%|HS|  |TAMS 0x00000000c5100000, 0x00000000c5000000| Untracked 
|  59|0x00000000c5100000, 0x00000000c5200000, 0x00000000c5200000|100%|HC|  |TAMS 0x00000000c5200000, 0x00000000c5100000| Untracked 
|  60|0x00000000c5200000, 0x00000000c52fffb8, 0x00000000c5300000| 99%| O|  |TAMS 0x00000000c52fffb8, 0x00000000c5200000| Untracked 
|  61|0x00000000c5300000, 0x00000000c5400000, 0x00000000c5400000|100%| O|  |TAMS 0x00000000c5400000, 0x00000000c5300000| Untracked 
|  62|0x00000000c5400000, 0x00000000c54a3f58, 0x00000000c5500000| 64%| O|  |TAMS 0x00000000c5400000, 0x00000000c5400000| Untracked 
|  63|0x00000000c5500000, 0x00000000c5500060, 0x00000000c5600000|  0%| O|  |TAMS 0x00000000c5500000, 0x00000000c5500000| Untracked 
|  64|0x00000000c5600000, 0x00000000c5600000, 0x00000000c5700000|  0%| F|  |TAMS 0x00000000c5600000, 0x00000000c5600000| Untracked 
|  65|0x00000000c5700000, 0x00000000c5700000, 0x00000000c5800000|  0%| F|  |TAMS 0x00000000c5700000, 0x00000000c5700000| Untracked 
|  66|0x00000000c5800000, 0x00000000c58ffff0, 0x00000000c5900000| 99%| O|  |TAMS 0x00000000c58ffff0, 0x00000000c5800000| Untracked 
|  67|0x00000000c5900000, 0x00000000c5900000, 0x00000000c5a00000|  0%| F|  |TAMS 0x00000000c5900000, 0x00000000c5900000| Untracked 
|  68|0x00000000c5a00000, 0x00000000c5a00000, 0x00000000c5b00000|  0%| F|  |TAMS 0x00000000c5a00000, 0x00000000c5a00000| Untracked 
|  69|0x00000000c5b00000, 0x00000000c5b00000, 0x00000000c5c00000|  0%| F|  |TAMS 0x00000000c5b00000, 0x00000000c5b00000| Untracked 
|  70|0x00000000c5c00000, 0x00000000c5c00000, 0x00000000c5d00000|  0%| F|  |TAMS 0x00000000c5c00000, 0x00000000c5c00000| Untracked 
|  71|0x00000000c5d00000, 0x00000000c5d00000, 0x00000000c5e00000|  0%| F|  |TAMS 0x00000000c5d00000, 0x00000000c5d00000| Untracked 
|  72|0x00000000c5e00000, 0x00000000c5e00000, 0x00000000c5f00000|  0%| F|  |TAMS 0x00000000c5e00000, 0x00000000c5e00000| Untracked 
|  73|0x00000000c5f00000, 0x00000000c5f00000, 0x00000000c6000000|  0%| F|  |TAMS 0x00000000c5f00000, 0x00000000c5f00000| Untracked 
|  74|0x00000000c6000000, 0x00000000c6000000, 0x00000000c6100000|  0%| F|  |TAMS 0x00000000c6000000, 0x00000000c6000000| Untracked 
|  75|0x00000000c6100000, 0x00000000c6100000, 0x00000000c6200000|  0%| F|  |TAMS 0x00000000c6100000, 0x00000000c6100000| Untracked 
|  76|0x00000000c6200000, 0x00000000c6200000, 0x00000000c6300000|  0%| F|  |TAMS 0x00000000c6200000, 0x00000000c6200000| Untracked 
|  77|0x00000000c6300000, 0x00000000c6300000, 0x00000000c6400000|  0%| F|  |TAMS 0x00000000c6300000, 0x00000000c6300000| Untracked 
|  78|0x00000000c6400000, 0x00000000c6400000, 0x00000000c6500000|  0%| F|  |TAMS 0x00000000c6400000, 0x00000000c6400000| Untracked 
|  79|0x00000000c6500000, 0x00000000c6500000, 0x00000000c6600000|  0%| F|  |TAMS 0x00000000c6500000, 0x00000000c6500000| Untracked 
|  80|0x00000000c6600000, 0x00000000c6600000, 0x00000000c6700000|  0%| F|  |TAMS 0x00000000c6600000, 0x00000000c6600000| Untracked 
|  81|0x00000000c6700000, 0x00000000c6700000, 0x00000000c6800000|  0%| F|  |TAMS 0x00000000c6700000, 0x00000000c6700000| Untracked 
|  82|0x00000000c6800000, 0x00000000c6800000, 0x00000000c6900000|  0%| F|  |TAMS 0x00000000c6800000, 0x00000000c6800000| Untracked 
|  83|0x00000000c6900000, 0x00000000c6900000, 0x00000000c6a00000|  0%| F|  |TAMS 0x00000000c6900000, 0x00000000c6900000| Untracked 
|  84|0x00000000c6a00000, 0x00000000c6a00000, 0x00000000c6b00000|  0%| F|  |TAMS 0x00000000c6a00000, 0x00000000c6a00000| Untracked 
|  85|0x00000000c6b00000, 0x00000000c6b00000, 0x00000000c6c00000|  0%| F|  |TAMS 0x00000000c6b00000, 0x00000000c6b00000| Untracked 
|  86|0x00000000c6c00000, 0x00000000c6c00000, 0x00000000c6d00000|  0%| F|  |TAMS 0x00000000c6c00000, 0x00000000c6c00000| Untracked 
|  87|0x00000000c6d00000, 0x00000000c6d00000, 0x00000000c6e00000|  0%| F|  |TAMS 0x00000000c6d00000, 0x00000000c6d00000| Untracked 
|  88|0x00000000c6e00000, 0x00000000c6e00000, 0x00000000c6f00000|  0%| F|  |TAMS 0x00000000c6e00000, 0x00000000c6e00000| Untracked 
|  89|0x00000000c6f00000, 0x00000000c6f00000, 0x00000000c7000000|  0%| F|  |TAMS 0x00000000c6f00000, 0x00000000c6f00000| Untracked 
|  90|0x00000000c7000000, 0x00000000c7000000, 0x00000000c7100000|  0%| F|  |TAMS 0x00000000c7000000, 0x00000000c7000000| Untracked 
|  91|0x00000000c7100000, 0x00000000c7100000, 0x00000000c7200000|  0%| F|  |TAMS 0x00000000c7100000, 0x00000000c7100000| Untracked 
|  92|0x00000000c7200000, 0x00000000c7200000, 0x00000000c7300000|  0%| F|  |TAMS 0x00000000c7200000, 0x00000000c7200000| Untracked 
|  93|0x00000000c7300000, 0x00000000c7300000, 0x00000000c7400000|  0%| F|  |TAMS 0x00000000c7300000, 0x00000000c7300000| Untracked 
|  94|0x00000000c7400000, 0x00000000c7400000, 0x00000000c7500000|  0%| F|  |TAMS 0x00000000c7400000, 0x00000000c7400000| Untracked 
|  95|0x00000000c7500000, 0x00000000c7500000, 0x00000000c7600000|  0%| F|  |TAMS 0x00000000c7500000, 0x00000000c7500000| Untracked 
|  96|0x00000000c7600000, 0x00000000c7600000, 0x00000000c7700000|  0%| F|  |TAMS 0x00000000c7600000, 0x00000000c7600000| Untracked 
|  97|0x00000000c7700000, 0x00000000c7700000, 0x00000000c7800000|  0%| F|  |TAMS 0x00000000c7700000, 0x00000000c7700000| Untracked 
|  98|0x00000000c7800000, 0x00000000c7800000, 0x00000000c7900000|  0%| F|  |TAMS 0x00000000c7800000, 0x00000000c7800000| Untracked 
|  99|0x00000000c7900000, 0x00000000c7900000, 0x00000000c7a00000|  0%| F|  |TAMS 0x00000000c7900000, 0x00000000c7900000| Untracked 
| 100|0x00000000c7a00000, 0x00000000c7a00000, 0x00000000c7b00000|  0%| F|  |TAMS 0x00000000c7a00000, 0x00000000c7a00000| Untracked 
| 101|0x00000000c7b00000, 0x00000000c7b00000, 0x00000000c7c00000|  0%| F|  |TAMS 0x00000000c7b00000, 0x00000000c7b00000| Untracked 
| 102|0x00000000c7c00000, 0x00000000c7c00000, 0x00000000c7d00000|  0%| F|  |TAMS 0x00000000c7c00000, 0x00000000c7c00000| Untracked 
| 103|0x00000000c7d00000, 0x00000000c7e00000, 0x00000000c7e00000|100%|HS|  |TAMS 0x00000000c7e00000, 0x00000000c7d00000| Untracked 
| 104|0x00000000c7e00000, 0x00000000c7e00000, 0x00000000c7f00000|  0%| F|  |TAMS 0x00000000c7e00000, 0x00000000c7e00000| Untracked 
| 105|0x00000000c7f00000, 0x00000000c7f00000, 0x00000000c8000000|  0%| F|  |TAMS 0x00000000c7f00000, 0x00000000c7f00000| Untracked 
| 106|0x00000000c8000000, 0x00000000c8000000, 0x00000000c8100000|  0%| F|  |TAMS 0x00000000c8000000, 0x00000000c8000000| Untracked 
| 107|0x00000000c8100000, 0x00000000c8100000, 0x00000000c8200000|  0%| F|  |TAMS 0x00000000c8100000, 0x00000000c8100000| Untracked 
| 108|0x00000000c8200000, 0x00000000c8200000, 0x00000000c8300000|  0%| F|  |TAMS 0x00000000c8200000, 0x00000000c8200000| Untracked 
| 109|0x00000000c8300000, 0x00000000c8300000, 0x00000000c8400000|  0%| F|  |TAMS 0x00000000c8300000, 0x00000000c8300000| Untracked 
| 110|0x00000000c8400000, 0x00000000c8400000, 0x00000000c8500000|  0%| F|  |TAMS 0x00000000c8400000, 0x00000000c8400000| Untracked 
| 111|0x00000000c8500000, 0x00000000c8500000, 0x00000000c8600000|  0%| F|  |TAMS 0x00000000c8500000, 0x00000000c8500000| Untracked 
| 112|0x00000000c8600000, 0x00000000c8600000, 0x00000000c8700000|  0%| F|  |TAMS 0x00000000c8600000, 0x00000000c8600000| Untracked 
| 113|0x00000000c8700000, 0x00000000c8700000, 0x00000000c8800000|  0%| F|  |TAMS 0x00000000c8700000, 0x00000000c8700000| Untracked 
| 114|0x00000000c8800000, 0x00000000c8800000, 0x00000000c8900000|  0%| F|  |TAMS 0x00000000c8800000, 0x00000000c8800000| Untracked 
| 115|0x00000000c8900000, 0x00000000c8900000, 0x00000000c8a00000|  0%| F|  |TAMS 0x00000000c8900000, 0x00000000c8900000| Untracked 
| 116|0x00000000c8a00000, 0x00000000c8a00000, 0x00000000c8b00000|  0%| F|  |TAMS 0x00000000c8a00000, 0x00000000c8a00000| Untracked 
| 117|0x00000000c8b00000, 0x00000000c8b00000, 0x00000000c8c00000|  0%| F|  |TAMS 0x00000000c8b00000, 0x00000000c8b00000| Untracked 
| 118|0x00000000c8c00000, 0x00000000c8c00000, 0x00000000c8d00000|  0%| F|  |TAMS 0x00000000c8c00000, 0x00000000c8c00000| Untracked 
| 119|0x00000000c8d00000, 0x00000000c8d00000, 0x00000000c8e00000|  0%| F|  |TAMS 0x00000000c8d00000, 0x00000000c8d00000| Untracked 
| 120|0x00000000c8e00000, 0x00000000c8e00000, 0x00000000c8f00000|  0%| F|  |TAMS 0x00000000c8e00000, 0x00000000c8e00000| Untracked 
| 121|0x00000000c8f00000, 0x00000000c8f00000, 0x00000000c9000000|  0%| F|  |TAMS 0x00000000c8f00000, 0x00000000c8f00000| Untracked 
| 122|0x00000000c9000000, 0x00000000c9000000, 0x00000000c9100000|  0%| F|  |TAMS 0x00000000c9000000, 0x00000000c9000000| Untracked 
| 123|0x00000000c9100000, 0x00000000c9100000, 0x00000000c9200000|  0%| F|  |TAMS 0x00000000c9100000, 0x00000000c9100000| Untracked 
| 124|0x00000000c9200000, 0x00000000c9200000, 0x00000000c9300000|  0%| F|  |TAMS 0x00000000c9200000, 0x00000000c9200000| Untracked 
| 125|0x00000000c9300000, 0x00000000c9300000, 0x00000000c9400000|  0%| F|  |TAMS 0x00000000c9300000, 0x00000000c9300000| Untracked 
| 126|0x00000000c9400000, 0x00000000c9400000, 0x00000000c9500000|  0%| F|  |TAMS 0x00000000c9400000, 0x00000000c9400000| Untracked 
| 127|0x00000000c9500000, 0x00000000c9500000, 0x00000000c9600000|  0%| F|  |TAMS 0x00000000c9500000, 0x00000000c9500000| Untracked 
| 128|0x00000000c9600000, 0x00000000c9600000, 0x00000000c9700000|  0%| F|  |TAMS 0x00000000c9600000, 0x00000000c9600000| Untracked 
| 129|0x00000000c9700000, 0x00000000c9700000, 0x00000000c9800000|  0%| F|  |TAMS 0x00000000c9700000, 0x00000000c9700000| Untracked 
| 130|0x00000000c9800000, 0x00000000c9800000, 0x00000000c9900000|  0%| F|  |TAMS 0x00000000c9800000, 0x00000000c9800000| Untracked 
| 131|0x00000000c9900000, 0x00000000c9900000, 0x00000000c9a00000|  0%| F|  |TAMS 0x00000000c9900000, 0x00000000c9900000| Untracked 
| 132|0x00000000c9a00000, 0x00000000c9a00000, 0x00000000c9b00000|  0%| F|  |TAMS 0x00000000c9a00000, 0x00000000c9a00000| Untracked 
| 133|0x00000000c9b00000, 0x00000000c9b00000, 0x00000000c9c00000|  0%| F|  |TAMS 0x00000000c9b00000, 0x00000000c9b00000| Untracked 
| 134|0x00000000c9c00000, 0x00000000c9c00000, 0x00000000c9d00000|  0%| F|  |TAMS 0x00000000c9c00000, 0x00000000c9c00000| Untracked 
| 135|0x00000000c9d00000, 0x00000000c9d00000, 0x00000000c9e00000|  0%| F|  |TAMS 0x00000000c9d00000, 0x00000000c9d00000| Untracked 
| 136|0x00000000c9e00000, 0x00000000c9e00000, 0x00000000c9f00000|  0%| F|  |TAMS 0x00000000c9e00000, 0x00000000c9e00000| Untracked 
| 137|0x00000000c9f00000, 0x00000000c9f00000, 0x00000000ca000000|  0%| F|  |TAMS 0x00000000c9f00000, 0x00000000c9f00000| Untracked 
| 138|0x00000000ca000000, 0x00000000ca000000, 0x00000000ca100000|  0%| F|  |TAMS 0x00000000ca000000, 0x00000000ca000000| Untracked 
| 139|0x00000000ca100000, 0x00000000ca100000, 0x00000000ca200000|  0%| F|  |TAMS 0x00000000ca100000, 0x00000000ca100000| Untracked 
| 140|0x00000000ca200000, 0x00000000ca200000, 0x00000000ca300000|  0%| F|  |TAMS 0x00000000ca200000, 0x00000000ca200000| Untracked 
| 141|0x00000000ca300000, 0x00000000ca300000, 0x00000000ca400000|  0%| F|  |TAMS 0x00000000ca300000, 0x00000000ca300000| Untracked 
| 142|0x00000000ca400000, 0x00000000ca400000, 0x00000000ca500000|  0%| F|  |TAMS 0x00000000ca400000, 0x00000000ca400000| Untracked 
| 143|0x00000000ca500000, 0x00000000ca500000, 0x00000000ca600000|  0%| F|  |TAMS 0x00000000ca500000, 0x00000000ca500000| Untracked 
| 144|0x00000000ca600000, 0x00000000ca600000, 0x00000000ca700000|  0%| F|  |TAMS 0x00000000ca600000, 0x00000000ca600000| Untracked 
| 145|0x00000000ca700000, 0x00000000ca700000, 0x00000000ca800000|  0%| F|  |TAMS 0x00000000ca700000, 0x00000000ca700000| Untracked 
| 146|0x00000000ca800000, 0x00000000ca800000, 0x00000000ca900000|  0%| F|  |TAMS 0x00000000ca800000, 0x00000000ca800000| Untracked 
| 147|0x00000000ca900000, 0x00000000ca900000, 0x00000000caa00000|  0%| F|  |TAMS 0x00000000ca900000, 0x00000000ca900000| Untracked 
| 148|0x00000000caa00000, 0x00000000caa00000, 0x00000000cab00000|  0%| F|  |TAMS 0x00000000caa00000, 0x00000000caa00000| Untracked 
| 149|0x00000000cab00000, 0x00000000cab00000, 0x00000000cac00000|  0%| F|  |TAMS 0x00000000cab00000, 0x00000000cab00000| Untracked 
| 150|0x00000000cac00000, 0x00000000cac00000, 0x00000000cad00000|  0%| F|  |TAMS 0x00000000cac00000, 0x00000000cac00000| Untracked 
| 151|0x00000000cad00000, 0x00000000cad00000, 0x00000000cae00000|  0%| F|  |TAMS 0x00000000cad00000, 0x00000000cad00000| Untracked 
| 152|0x00000000cae00000, 0x00000000cae00000, 0x00000000caf00000|  0%| F|  |TAMS 0x00000000cae00000, 0x00000000cae00000| Untracked 
| 153|0x00000000caf00000, 0x00000000caf00000, 0x00000000cb000000|  0%| F|  |TAMS 0x00000000caf00000, 0x00000000caf00000| Untracked 
| 154|0x00000000cb000000, 0x00000000cb000000, 0x00000000cb100000|  0%| F|  |TAMS 0x00000000cb000000, 0x00000000cb000000| Untracked 
| 155|0x00000000cb100000, 0x00000000cb100000, 0x00000000cb200000|  0%| F|  |TAMS 0x00000000cb100000, 0x00000000cb100000| Untracked 
| 156|0x00000000cb200000, 0x00000000cb200000, 0x00000000cb300000|  0%| F|  |TAMS 0x00000000cb200000, 0x00000000cb200000| Untracked 
| 157|0x00000000cb300000, 0x00000000cb300000, 0x00000000cb400000|  0%| F|  |TAMS 0x00000000cb300000, 0x00000000cb300000| Untracked 
| 158|0x00000000cb400000, 0x00000000cb400000, 0x00000000cb500000|  0%| F|  |TAMS 0x00000000cb400000, 0x00000000cb400000| Untracked 
| 159|0x00000000cb500000, 0x00000000cb500000, 0x00000000cb600000|  0%| F|  |TAMS 0x00000000cb500000, 0x00000000cb500000| Untracked 
| 160|0x00000000cb600000, 0x00000000cb600000, 0x00000000cb700000|  0%| F|  |TAMS 0x00000000cb600000, 0x00000000cb600000| Untracked 
| 161|0x00000000cb700000, 0x00000000cb700000, 0x00000000cb800000|  0%| F|  |TAMS 0x00000000cb700000, 0x00000000cb700000| Untracked 
| 162|0x00000000cb800000, 0x00000000cb800000, 0x00000000cb900000|  0%| F|  |TAMS 0x00000000cb800000, 0x00000000cb800000| Untracked 
| 163|0x00000000cb900000, 0x00000000cb900000, 0x00000000cba00000|  0%| F|  |TAMS 0x00000000cb900000, 0x00000000cb900000| Untracked 
| 164|0x00000000cba00000, 0x00000000cba00000, 0x00000000cbb00000|  0%| F|  |TAMS 0x00000000cba00000, 0x00000000cba00000| Untracked 
| 165|0x00000000cbb00000, 0x00000000cbb00000, 0x00000000cbc00000|  0%| F|  |TAMS 0x00000000cbb00000, 0x00000000cbb00000| Untracked 
| 166|0x00000000cbc00000, 0x00000000cbc00000, 0x00000000cbd00000|  0%| F|  |TAMS 0x00000000cbc00000, 0x00000000cbc00000| Untracked 
| 167|0x00000000cbd00000, 0x00000000cbd00000, 0x00000000cbe00000|  0%| F|  |TAMS 0x00000000cbd00000, 0x00000000cbd00000| Untracked 
| 168|0x00000000cbe00000, 0x00000000cbe00000, 0x00000000cbf00000|  0%| F|  |TAMS 0x00000000cbe00000, 0x00000000cbe00000| Untracked 
| 169|0x00000000cbf00000, 0x00000000cbf00000, 0x00000000cc000000|  0%| F|  |TAMS 0x00000000cbf00000, 0x00000000cbf00000| Untracked 
| 170|0x00000000cc000000, 0x00000000cc000000, 0x00000000cc100000|  0%| F|  |TAMS 0x00000000cc000000, 0x00000000cc000000| Untracked 
| 171|0x00000000cc100000, 0x00000000cc100000, 0x00000000cc200000|  0%| F|  |TAMS 0x00000000cc100000, 0x00000000cc100000| Untracked 
| 172|0x00000000cc200000, 0x00000000cc200000, 0x00000000cc300000|  0%| F|  |TAMS 0x00000000cc200000, 0x00000000cc200000| Untracked 
| 173|0x00000000cc300000, 0x00000000cc300000, 0x00000000cc400000|  0%| F|  |TAMS 0x00000000cc300000, 0x00000000cc300000| Untracked 
| 174|0x00000000cc400000, 0x00000000cc400000, 0x00000000cc500000|  0%| F|  |TAMS 0x00000000cc400000, 0x00000000cc400000| Untracked 
| 175|0x00000000cc500000, 0x00000000cc500000, 0x00000000cc600000|  0%| F|  |TAMS 0x00000000cc500000, 0x00000000cc500000| Untracked 
| 176|0x00000000cc600000, 0x00000000cc600000, 0x00000000cc700000|  0%| F|  |TAMS 0x00000000cc600000, 0x00000000cc600000| Untracked 
| 177|0x00000000cc700000, 0x00000000cc700000, 0x00000000cc800000|  0%| F|  |TAMS 0x00000000cc700000, 0x00000000cc700000| Untracked 
| 178|0x00000000cc800000, 0x00000000cc800000, 0x00000000cc900000|  0%| F|  |TAMS 0x00000000cc800000, 0x00000000cc800000| Untracked 
| 179|0x00000000cc900000, 0x00000000cc900000, 0x00000000cca00000|  0%| F|  |TAMS 0x00000000cc900000, 0x00000000cc900000| Untracked 
| 180|0x00000000cca00000, 0x00000000cca00000, 0x00000000ccb00000|  0%| F|  |TAMS 0x00000000cca00000, 0x00000000cca00000| Untracked 
| 181|0x00000000ccb00000, 0x00000000ccb00000, 0x00000000ccc00000|  0%| F|  |TAMS 0x00000000ccb00000, 0x00000000ccb00000| Untracked 
| 182|0x00000000ccc00000, 0x00000000ccc00000, 0x00000000ccd00000|  0%| F|  |TAMS 0x00000000ccc00000, 0x00000000ccc00000| Untracked 
| 183|0x00000000ccd00000, 0x00000000ccd00000, 0x00000000cce00000|  0%| F|  |TAMS 0x00000000ccd00000, 0x00000000ccd00000| Untracked 
| 184|0x00000000cce00000, 0x00000000cce00000, 0x00000000ccf00000|  0%| F|  |TAMS 0x00000000cce00000, 0x00000000cce00000| Untracked 
| 185|0x00000000ccf00000, 0x00000000ccf00000, 0x00000000cd000000|  0%| F|  |TAMS 0x00000000ccf00000, 0x00000000ccf00000| Untracked 
| 186|0x00000000cd000000, 0x00000000cd000000, 0x00000000cd100000|  0%| F|  |TAMS 0x00000000cd000000, 0x00000000cd000000| Untracked 
| 187|0x00000000cd100000, 0x00000000cd100000, 0x00000000cd200000|  0%| F|  |TAMS 0x00000000cd100000, 0x00000000cd100000| Untracked 
| 188|0x00000000cd200000, 0x00000000cd200000, 0x00000000cd300000|  0%| F|  |TAMS 0x00000000cd200000, 0x00000000cd200000| Untracked 
| 189|0x00000000cd300000, 0x00000000cd300000, 0x00000000cd400000|  0%| F|  |TAMS 0x00000000cd300000, 0x00000000cd300000| Untracked 
| 190|0x00000000cd400000, 0x00000000cd400000, 0x00000000cd500000|  0%| F|  |TAMS 0x00000000cd400000, 0x00000000cd400000| Untracked 
| 191|0x00000000cd500000, 0x00000000cd500000, 0x00000000cd600000|  0%| F|  |TAMS 0x00000000cd500000, 0x00000000cd500000| Untracked 
| 192|0x00000000cd600000, 0x00000000cd600000, 0x00000000cd700000|  0%| F|  |TAMS 0x00000000cd600000, 0x00000000cd600000| Untracked 
| 193|0x00000000cd700000, 0x00000000cd700000, 0x00000000cd800000|  0%| F|  |TAMS 0x00000000cd700000, 0x00000000cd700000| Untracked 
| 194|0x00000000cd800000, 0x00000000cd800068, 0x00000000cd900000|  0%| O|  |TAMS 0x00000000cd800000, 0x00000000cd800000| Untracked 
| 195|0x00000000cd900000, 0x00000000cd900000, 0x00000000cda00000|  0%| F|  |TAMS 0x00000000cd900000, 0x00000000cd900000| Untracked 
| 196|0x00000000cda00000, 0x00000000cda00000, 0x00000000cdb00000|  0%| F|  |TAMS 0x00000000cda00000, 0x00000000cda00000| Untracked 
| 197|0x00000000cdb00000, 0x00000000cdb00000, 0x00000000cdc00000|  0%| F|  |TAMS 0x00000000cdb00000, 0x00000000cdb00000| Untracked 
| 198|0x00000000cdc00000, 0x00000000cdc00000, 0x00000000cdd00000|  0%| F|  |TAMS 0x00000000cdc00000, 0x00000000cdc00000| Untracked 
| 199|0x00000000cdd00000, 0x00000000cdd00000, 0x00000000cde00000|  0%| F|  |TAMS 0x00000000cdd00000, 0x00000000cdd00000| Untracked 
| 200|0x00000000cde00000, 0x00000000cde00000, 0x00000000cdf00000|  0%| F|  |TAMS 0x00000000cde00000, 0x00000000cde00000| Untracked 
| 201|0x00000000cdf00000, 0x00000000cdf00000, 0x00000000ce000000|  0%| F|  |TAMS 0x00000000cdf00000, 0x00000000cdf00000| Untracked 
| 202|0x00000000ce000000, 0x00000000ce000000, 0x00000000ce100000|  0%| F|  |TAMS 0x00000000ce000000, 0x00000000ce000000| Untracked 
| 203|0x00000000ce100000, 0x00000000ce100000, 0x00000000ce200000|  0%| F|  |TAMS 0x00000000ce100000, 0x00000000ce100000| Untracked 
| 204|0x00000000ce200000, 0x00000000ce200000, 0x00000000ce300000|  0%| F|  |TAMS 0x00000000ce200000, 0x00000000ce200000| Untracked 
| 205|0x00000000ce300000, 0x00000000ce300000, 0x00000000ce400000|  0%| F|  |TAMS 0x00000000ce300000, 0x00000000ce300000| Untracked 
| 206|0x00000000ce400000, 0x00000000ce400000, 0x00000000ce500000|  0%| F|  |TAMS 0x00000000ce400000, 0x00000000ce400000| Untracked 
| 207|0x00000000ce500000, 0x00000000ce500000, 0x00000000ce600000|  0%| F|  |TAMS 0x00000000ce500000, 0x00000000ce500000| Untracked 
| 208|0x00000000ce600000, 0x00000000ce600000, 0x00000000ce700000|  0%| F|  |TAMS 0x00000000ce600000, 0x00000000ce600000| Untracked 
| 209|0x00000000ce700000, 0x00000000ce700000, 0x00000000ce800000|  0%| F|  |TAMS 0x00000000ce700000, 0x00000000ce700000| Untracked 
| 210|0x00000000ce800000, 0x00000000ce800000, 0x00000000ce900000|  0%| F|  |TAMS 0x00000000ce800000, 0x00000000ce800000| Untracked 
| 211|0x00000000ce900000, 0x00000000ce900000, 0x00000000cea00000|  0%| F|  |TAMS 0x00000000ce900000, 0x00000000ce900000| Untracked 
| 212|0x00000000cea00000, 0x00000000cea00000, 0x00000000ceb00000|  0%| F|  |TAMS 0x00000000cea00000, 0x00000000cea00000| Untracked 
| 213|0x00000000ceb00000, 0x00000000ceb00000, 0x00000000cec00000|  0%| F|  |TAMS 0x00000000ceb00000, 0x00000000ceb00000| Untracked 
| 214|0x00000000cec00000, 0x00000000cec00000, 0x00000000ced00000|  0%| F|  |TAMS 0x00000000cec00000, 0x00000000cec00000| Untracked 
| 215|0x00000000ced00000, 0x00000000ced00000, 0x00000000cee00000|  0%| F|  |TAMS 0x00000000ced00000, 0x00000000ced00000| Untracked 
| 216|0x00000000cee00000, 0x00000000cee058a8, 0x00000000cef00000|  2%| E|  |TAMS 0x00000000cee00000, 0x00000000cee00000| Complete 

Card table byte_map: [0x0000021f3d990000,0x0000021f3db90000] _byte_map_base: 0x0000021f3d385000

Marking Bits (Prev, Next): (CMBitMap*) 0x0000021f37d438a0, (CMBitMap*) 0x0000021f37d43860
 Prev Bits: [0x0000021f3ed40000, 0x0000021f3fce8000)
 Next Bits: [0x0000021f3dd90000, 0x0000021f3ed38000)

Polling page: 0x0000021f374d0000

Metaspace:

Usage:
  Non-class:     57.04 MB used.
      Class:      8.86 MB used.
       Both:     65.90 MB used.

Virtual space:
  Non-class space:       64.00 MB reserved,      57.31 MB ( 90%) committed,  8 nodes.
      Class space:        1.00 GB reserved,       9.06 MB ( <1%) committed,  1 nodes.
             Both:        1.06 GB reserved,      66.38 MB (  6%) committed. 

Chunk freelists:
   Non-Class:  2.63 MB
       Class:  2.83 MB
        Both:  5.47 MB

MaxMetaspaceSize: unlimited
CompressedClassSpaceSize: 1.00 GB
Initial GC threshold: 21.00 MB
Current GC threshold: 110.62 MB
CDS: off
MetaspaceReclaimPolicy: balanced
 - commit_granule_bytes: 65536.
 - commit_granule_words: 8192.
 - virtual_space_node_default_size: 1048576.
 - enlarge_chunks_in_place: 1.
 - new_chunks_are_fully_committed: 0.
 - uncommit_free_chunks: 1.
 - use_allocation_guard: 0.
 - handle_deallocations: 1.


Internal statistics:

num_allocs_failed_limit: 3.
num_arena_births: 610.
num_arena_deaths: 186.
num_vsnodes_births: 9.
num_vsnodes_deaths: 0.
num_space_committed: 1062.
num_space_uncommitted: 0.
num_chunks_returned_to_freelist: 215.
num_chunks_taken_from_freelist: 2788.
num_chunk_merges: 67.
num_chunk_splits: 1942.
num_chunks_enlarged: 1502.
num_purges: 18.
num_inconsistent_stats: 0.

CodeCache: size=49152Kb used=18658Kb max_used=18658Kb free=30493Kb
 bounds [0x0000021f3a990000, 0x0000021f3bbd0000, 0x0000021f3d990000]
 total_blobs=10894 nmethods=10209 adapters=612
 compilation: enabled
              stopped_count=0, restarted_count=0
 full_count=0

Compilation events (20 events):
Event: 3638.689 Thread 0x0000021f421dd0b0 10458       1       org.eclipse.jdt.core.dom.QualifiedName::<init> (16 bytes)
Event: 3638.695 Thread 0x0000021f421dd0b0 nmethod 10458 0x0000021f3bbbdd90 code [0x0000021f3bbbdf20, 0x0000021f3bbbe068]
Event: 3638.696 Thread 0x0000021f421dd0b0 10459       1       org.eclipse.jdt.core.dom.QualifiedName::setQualifier (41 bytes)
Event: 3638.701 Thread 0x0000021f421dd0b0 nmethod 10459 0x0000021f3bbbe110 code [0x0000021f3bbbe2c0, 0x0000021f3bbbe4e8]
Event: 3638.701 Thread 0x0000021f421dd0b0 10460       1       org.eclipse.jdt.core.dom.QualifiedName::setName (41 bytes)
Event: 3638.701 Thread 0x0000021f421dd0b0 nmethod 10460 0x0000021f3bbbe610 code [0x0000021f3bbbe7c0, 0x0000021f3bbbe9e8]
Event: 3638.709 Thread 0x0000021f421dd0b0 10461       1       org.eclipse.jdt.internal.compiler.lookup.ReferenceBinding::computeUniqueKey (14 bytes)
Event: 3638.711 Thread 0x0000021f421dd0b0 nmethod 10461 0x0000021f3bbbeb10 code [0x0000021f3bbbecc0, 0x0000021f3bbbedf8]
Event: 3638.712 Thread 0x0000021f421dd0b0 10462       1       java.util.concurrent.atomic.AtomicReferenceArray::length (6 bytes)
Event: 3638.712 Thread 0x0000021f421dd0b0 nmethod 10462 0x0000021f3bbbee90 code [0x0000021f3bbbf020, 0x0000021f3bbbf0f8]
Event: 3638.715 Thread 0x0000021f421dd0b0 10463       1       org.eclipse.jdt.core.dom.ASTVisitor::endVisit (1 bytes)
Event: 3638.720 Thread 0x0000021f421dd0b0 nmethod 10463 0x0000021f3bbbf190 code [0x0000021f3bbbf320, 0x0000021f3bbbf3d8]
Event: 3638.720 Thread 0x0000021f421dd0b0 10464       1       org.eclipse.jdt.core.dom.ASTVisitor::endVisit (1 bytes)
Event: 3638.721 Thread 0x0000021f421dd0b0 nmethod 10464 0x0000021f3bbbf490 code [0x0000021f3bbbf620, 0x0000021f3bbbf6d8]
Event: 3849.850 Thread 0x0000021f421dd0b0 10465       1       java.util.concurrent.ConcurrentLinkedDeque::toArray (6 bytes)
Event: 3849.924 Thread 0x0000021f421dd0b0 nmethod 10465 0x0000021f3bbbf790 code [0x0000021f3bbbf920, 0x0000021f3bbbfa08]
Event: 3993.089 Thread 0x0000021f421dd0b0 10466   !   1       org.springframework.ide.vscode.commons.languageserver.util.ParentProcessWatcher::parentProcessStillRunning (413 bytes)
Event: 3993.854 Thread 0x0000021f421dd0b0 nmethod 10466 0x0000021f3bbbfa90 code [0x0000021f3bbc02a0, 0x0000021f3bbc33d8]
Event: 4378.603 Thread 0x0000021f421dd0b0 10467   !   1       java.lang.ProcessImpl::<init> (327 bytes)
Event: 4378.837 Thread 0x0000021f421dd0b0 nmethod 10467 0x0000021f3bbc6110 code [0x0000021f3bbc6560, 0x0000021f3bbc7918]

GC Heap History (20 events):
Event: 4875.190 GC heap before
{Heap before GC invocations=524 (full 431):
 garbage-first heap   total 222208K, used 66058K [0x00000000c1600000, 0x0000000100000000)
  region size 1024K, 1 young (1024K), 0 survivors (0K)
 Metaspace       used 67479K, committed 67968K, reserved 1114112K
  class space    used 9074K, committed 9280K, reserved 1048576K
}
Event: 4875.270 GC heap after
{Heap after GC invocations=525 (full 432):
 garbage-first heap   total 222208K, used 66058K [0x00000000c1600000, 0x0000000100000000)
  region size 1024K, 0 young (0K), 0 survivors (0K)
 Metaspace       used 67479K, committed 67968K, reserved 1114112K
  class space    used 9074K, committed 9280K, reserved 1048576K
}
Event: 4885.535 GC heap before
{Heap before GC invocations=525 (full 432):
 garbage-first heap   total 222208K, used 66058K [0x00000000c1600000, 0x0000000100000000)
  region size 1024K, 1 young (1024K), 0 survivors (0K)
 Metaspace       used 67479K, committed 67968K, reserved 1114112K
  class space    used 9074K, committed 9280K, reserved 1048576K
}
Event: 4885.622 GC heap after
{Heap after GC invocations=526 (full 433):
 garbage-first heap   total 222208K, used 66058K [0x00000000c1600000, 0x0000000100000000)
  region size 1024K, 0 young (0K), 0 survivors (0K)
 Metaspace       used 67479K, committed 67968K, reserved 1114112K
  class space    used 9074K, committed 9280K, reserved 1048576K
}
Event: 4896.254 GC heap before
{Heap before GC invocations=526 (full 433):
 garbage-first heap   total 222208K, used 66058K [0x00000000c1600000, 0x0000000100000000)
  region size 1024K, 1 young (1024K), 0 survivors (0K)
 Metaspace       used 67479K, committed 67968K, reserved 1114112K
  class space    used 9074K, committed 9280K, reserved 1048576K
}
Event: 4896.342 GC heap after
{Heap after GC invocations=527 (full 434):
 garbage-first heap   total 222208K, used 66058K [0x00000000c1600000, 0x0000000100000000)
  region size 1024K, 0 young (0K), 0 survivors (0K)
 Metaspace       used 67479K, committed 67968K, reserved 1114112K
  class space    used 9074K, committed 9280K, reserved 1048576K
}
Event: 4906.577 GC heap before
{Heap before GC invocations=527 (full 434):
 garbage-first heap   total 222208K, used 66058K [0x00000000c1600000, 0x0000000100000000)
  region size 1024K, 1 young (1024K), 0 survivors (0K)
 Metaspace       used 67479K, committed 67968K, reserved 1114112K
  class space    used 9074K, committed 9280K, reserved 1048576K
}
Event: 4906.665 GC heap after
{Heap after GC invocations=528 (full 435):
 garbage-first heap   total 222208K, used 66058K [0x00000000c1600000, 0x0000000100000000)
  region size 1024K, 0 young (0K), 0 survivors (0K)
 Metaspace       used 67479K, committed 67968K, reserved 1114112K
  class space    used 9074K, committed 9280K, reserved 1048576K
}
Event: 4917.421 GC heap before
{Heap before GC invocations=528 (full 435):
 garbage-first heap   total 222208K, used 66058K [0x00000000c1600000, 0x0000000100000000)
  region size 1024K, 1 young (1024K), 0 survivors (0K)
 Metaspace       used 67479K, committed 67968K, reserved 1114112K
  class space    used 9074K, committed 9280K, reserved 1048576K
}
Event: 4917.522 GC heap after
{Heap after GC invocations=529 (full 436):
 garbage-first heap   total 222208K, used 66058K [0x00000000c1600000, 0x0000000100000000)
  region size 1024K, 0 young (0K), 0 survivors (0K)
 Metaspace       used 67479K, committed 67968K, reserved 1114112K
  class space    used 9074K, committed 9280K, reserved 1048576K
}
Event: 4927.793 GC heap before
{Heap before GC invocations=529 (full 436):
 garbage-first heap   total 222208K, used 66058K [0x00000000c1600000, 0x0000000100000000)
  region size 1024K, 1 young (1024K), 0 survivors (0K)
 Metaspace       used 67479K, committed 67968K, reserved 1114112K
  class space    used 9074K, committed 9280K, reserved 1048576K
}
Event: 4927.871 GC heap after
{Heap after GC invocations=530 (full 437):
 garbage-first heap   total 222208K, used 66058K [0x00000000c1600000, 0x0000000100000000)
  region size 1024K, 0 young (0K), 0 survivors (0K)
 Metaspace       used 67479K, committed 67968K, reserved 1114112K
  class space    used 9074K, committed 9280K, reserved 1048576K
}
Event: 4938.427 GC heap before
{Heap before GC invocations=530 (full 437):
 garbage-first heap   total 222208K, used 66058K [0x00000000c1600000, 0x0000000100000000)
  region size 1024K, 1 young (1024K), 0 survivors (0K)
 Metaspace       used 67479K, committed 67968K, reserved 1114112K
  class space    used 9074K, committed 9280K, reserved 1048576K
}
Event: 4938.520 GC heap after
{Heap after GC invocations=531 (full 438):
 garbage-first heap   total 222208K, used 66058K [0x00000000c1600000, 0x0000000100000000)
  region size 1024K, 0 young (0K), 0 survivors (0K)
 Metaspace       used 67479K, committed 67968K, reserved 1114112K
  class space    used 9074K, committed 9280K, reserved 1048576K
}
Event: 4949.772 GC heap before
{Heap before GC invocations=531 (full 438):
 garbage-first heap   total 222208K, used 66058K [0x00000000c1600000, 0x0000000100000000)
  region size 1024K, 1 young (1024K), 0 survivors (0K)
 Metaspace       used 67479K, committed 67968K, reserved 1114112K
  class space    used 9074K, committed 9280K, reserved 1048576K
}
Event: 4949.872 GC heap after
{Heap after GC invocations=532 (full 439):
 garbage-first heap   total 222208K, used 66058K [0x00000000c1600000, 0x0000000100000000)
  region size 1024K, 0 young (0K), 0 survivors (0K)
 Metaspace       used 67479K, committed 67968K, reserved 1114112K
  class space    used 9074K, committed 9280K, reserved 1048576K
}
Event: 4960.709 GC heap before
{Heap before GC invocations=532 (full 439):
 garbage-first heap   total 222208K, used 66058K [0x00000000c1600000, 0x0000000100000000)
  region size 1024K, 1 young (1024K), 0 survivors (0K)
 Metaspace       used 67479K, committed 67968K, reserved 1114112K
  class space    used 9074K, committed 9280K, reserved 1048576K
}
Event: 4960.837 GC heap after
{Heap after GC invocations=533 (full 440):
 garbage-first heap   total 222208K, used 66058K [0x00000000c1600000, 0x0000000100000000)
  region size 1024K, 0 young (0K), 0 survivors (0K)
 Metaspace       used 67479K, committed 67968K, reserved 1114112K
  class space    used 9074K, committed 9280K, reserved 1048576K
}
Event: 4971.826 GC heap before
{Heap before GC invocations=533 (full 440):
 garbage-first heap   total 222208K, used 66058K [0x00000000c1600000, 0x0000000100000000)
  region size 1024K, 1 young (1024K), 0 survivors (0K)
 Metaspace       used 67479K, committed 67968K, reserved 1114112K
  class space    used 9074K, committed 9280K, reserved 1048576K
}
Event: 4971.921 GC heap after
{Heap after GC invocations=534 (full 441):
 garbage-first heap   total 222208K, used 66058K [0x00000000c1600000, 0x0000000100000000)
  region size 1024K, 0 young (0K), 0 survivors (0K)
 Metaspace       used 67479K, committed 67968K, reserved 1114112K
  class space    used 9074K, committed 9280K, reserved 1048576K
}

Dll operation events (10 events):
Event: 0.113 Loaded shared library c:\Users\crist\.vscode\extensions\redhat.java-1.13.0-win32-x64\jre\17.0.5-win32-x86_64\bin\java.dll
Event: 0.447 Loaded shared library C:\Users\crist\.vscode\extensions\redhat.java-1.13.0-win32-x64\jre\17.0.5-win32-x86_64\bin\net.dll
Event: 0.478 Loaded shared library C:\Users\crist\.vscode\extensions\redhat.java-1.13.0-win32-x64\jre\17.0.5-win32-x86_64\bin\nio.dll
Event: 0.528 Loaded shared library C:\Users\crist\.vscode\extensions\redhat.java-1.13.0-win32-x64\jre\17.0.5-win32-x86_64\bin\zip.dll
Event: 2.828 Loaded shared library c:\Users\crist\.vscode\extensions\redhat.java-1.13.0-win32-x64\jre\17.0.5-win32-x86_64\bin\verify.dll
Event: 2.873 Loaded shared library C:\Users\crist\.vscode\extensions\redhat.java-1.13.0-win32-x64\jre\17.0.5-win32-x86_64\bin\jimage.dll
Event: 5.941 Loaded shared library C:\Users\crist\.vscode\extensions\redhat.java-1.13.0-win32-x64\jre\17.0.5-win32-x86_64\bin\management.dll
Event: 5.969 Loaded shared library C:\Users\crist\.vscode\extensions\redhat.java-1.13.0-win32-x64\jre\17.0.5-win32-x86_64\bin\management_ext.dll
Event: 25.786 Loaded shared library C:\Users\crist\.vscode\extensions\redhat.java-1.13.0-win32-x64\jre\17.0.5-win32-x86_64\bin\sunmscapi.dll
Event: 32.183 Loaded shared library C:\Users\crist\AppData\Local\Temp\snappy-1.1.8-c5f730f5-334f-40dd-a1d3-2601b922120f-snappyjava.dll

Deoptimization events (20 events):
Event: 186.521 Thread 0x0000021f44036360 DEOPT PACKING pc=0x0000021f3af13c54 sp=0x000000811a4febd0
Event: 186.523 Thread 0x0000021f44036360 DEOPT UNPACKING pc=0x0000021f3a9e2b43 sp=0x000000811a4fe078 mode 0
Event: 201.979 Thread 0x0000021f46ee2570 DEOPT PACKING pc=0x0000021f3b29f5a4 sp=0x000000811aafeb70
Event: 201.979 Thread 0x0000021f46ee20a0 DEOPT PACKING pc=0x0000021f3b29f5a4 sp=0x000000811a9fede0
Event: 201.981 Thread 0x0000021f46ee2570 DEOPT UNPACKING pc=0x0000021f3a9e2b43 sp=0x000000811aafe058 mode 0
Event: 201.982 Thread 0x0000021f46ee20a0 DEOPT UNPACKING pc=0x0000021f3a9e2b43 sp=0x000000811a9fe2c8 mode 0
Event: 231.717 Thread 0x0000021f42d15600 DEOPT PACKING pc=0x0000021f3b59f4c4 sp=0x000000811b3fea40
Event: 231.718 Thread 0x0000021f42d15600 DEOPT UNPACKING pc=0x0000021f3a9e2b43 sp=0x000000811b3fdf20 mode 0
Event: 231.718 Thread 0x0000021f42d15600 DEOPT PACKING pc=0x0000021f3b9a884c sp=0x000000811b3feae0
Event: 231.718 Thread 0x0000021f42d15600 DEOPT UNPACKING pc=0x0000021f3a9e2b43 sp=0x000000811b3fdfc0 mode 0
Event: 231.718 Thread 0x0000021f42d15600 DEOPT PACKING pc=0x0000021f3b59f4c4 sp=0x000000811b3fec00
Event: 231.718 Thread 0x0000021f42d15600 DEOPT UNPACKING pc=0x0000021f3a9e2b43 sp=0x000000811b3fe0e0 mode 0
Event: 231.718 Thread 0x0000021f42d15600 DEOPT PACKING pc=0x0000021f3b9a884c sp=0x000000811b3feca0
Event: 231.718 Thread 0x0000021f42d15600 DEOPT UNPACKING pc=0x0000021f3a9e2b43 sp=0x000000811b3fe180 mode 0
Event: 231.725 Thread 0x0000021f42d15600 DEOPT PACKING pc=0x0000021f3b59f4c4 sp=0x000000811b3fef50
Event: 231.752 Thread 0x0000021f42d15600 DEOPT UNPACKING pc=0x0000021f3a9e2b43 sp=0x000000811b3fe430 mode 0
Event: 231.752 Thread 0x0000021f42d15600 DEOPT PACKING pc=0x0000021f3b9a884c sp=0x000000811b3feff0
Event: 231.752 Thread 0x0000021f42d15600 DEOPT UNPACKING pc=0x0000021f3a9e2b43 sp=0x000000811b3fe4e8 mode 0
Event: 305.636 Thread 0x0000021f436b1cf0 DEOPT PACKING pc=0x0000021f3ba10a44 sp=0x000000811a7fd530
Event: 305.642 Thread 0x0000021f436b1cf0 DEOPT UNPACKING pc=0x0000021f3a9e2b43 sp=0x000000811a7fca20 mode 3

Classes unloaded (20 events):
Event: 197.692 Thread 0x0000021f42170c00 Unloading class 0x00000001008f0400 'java/lang/invoke/LambdaForm$DMH+0x00000001008f0400'
Event: 197.692 Thread 0x0000021f42170c00 Unloading class 0x00000001008e4400 'java/lang/invoke/LambdaForm$DMH+0x00000001008e4400'
Event: 406.811 Thread 0x0000021f42170c00 Unloading class 0x00000001004ed400 'java/lang/invoke/LambdaForm$MH+0x00000001004ed400'
Event: 406.811 Thread 0x0000021f42170c00 Unloading class 0x00000001004ee400 'java/lang/invoke/LambdaForm$MH+0x00000001004ee400'
Event: 406.811 Thread 0x0000021f42170c00 Unloading class 0x0000000100604c00 'java/lang/invoke/LambdaForm$MH+0x0000000100604c00'
Event: 406.811 Thread 0x0000021f42170c00 Unloading class 0x0000000100606000 'java/lang/invoke/LambdaForm$MH+0x0000000100606000'
Event: 406.813 Thread 0x0000021f42170c00 Unloading class 0x0000000100608800 'java/lang/invoke/LambdaForm$MH+0x0000000100608800'
Event: 406.813 Thread 0x0000021f42170c00 Unloading class 0x0000000100628000 'java/lang/invoke/LambdaForm$MH+0x0000000100628000'
Event: 406.813 Thread 0x0000021f42170c00 Unloading class 0x00000001006f0400 'java/lang/invoke/LambdaForm$MH+0x00000001006f0400'
Event: 406.814 Thread 0x0000021f42170c00 Unloading class 0x0000000100876800 'java/lang/invoke/LambdaForm$MH+0x0000000100876800'
Event: 418.256 Thread 0x0000021f42170c00 Unloading class 0x0000000100928c00 'java/lang/invoke/LambdaForm$MH+0x0000000100928c00'
Event: 418.256 Thread 0x0000021f42170c00 Unloading class 0x0000000100928800 'java/lang/invoke/LambdaForm$MH+0x0000000100928800'
Event: 418.256 Thread 0x0000021f42170c00 Unloading class 0x0000000100928400 'java/lang/invoke/LambdaForm$MH+0x0000000100928400'
Event: 418.256 Thread 0x0000021f42170c00 Unloading class 0x0000000100928000 'java/lang/invoke/LambdaForm$MH+0x0000000100928000'
Event: 418.256 Thread 0x0000021f42170c00 Unloading class 0x0000000100925c00 'java/lang/invoke/LambdaForm$MH+0x0000000100925c00'
Event: 418.256 Thread 0x0000021f42170c00 Unloading class 0x0000000100925800 'java/lang/invoke/LambdaForm$MH+0x0000000100925800'
Event: 418.256 Thread 0x0000021f42170c00 Unloading class 0x000000010091c000 'java/lang/invoke/LambdaForm$MH+0x000000010091c000'
Event: 418.256 Thread 0x0000021f42170c00 Unloading class 0x00000001008e4400 'java/lang/invoke/LambdaForm$MH+0x00000001008e4400'
Event: 418.256 Thread 0x0000021f42170c00 Unloading class 0x00000001008f0400 'java/lang/invoke/LambdaForm$MH+0x00000001008f0400'
Event: 418.256 Thread 0x0000021f42170c00 Unloading class 0x000000010088c400 'java/lang/invoke/LambdaForm$MH+0x000000010088c400'

Classes redefined (0 events):
No events

Internal exceptions (20 events):
Event: 323.502 Thread 0x0000021f46edfa20 Exception <a 'sun/nio/fs/WindowsException'{0x00000000dfc450d8}> (0x00000000dfc450d8) 
thrown [s\src\hotspot\share\prims\jni.cpp, line 516]
Event: 323.502 Thread 0x0000021f46edfa20 Exception <a 'sun/nio/fs/WindowsException'{0x00000000dfc45468}> (0x00000000dfc45468) 
thrown [s\src\hotspot\share\prims\jni.cpp, line 516]
Event: 323.595 Thread 0x0000021f46edfa20 Exception <a 'sun/nio/fs/WindowsException'{0x00000000dfc768b0}> (0x00000000dfc768b0) 
thrown [s\src\hotspot\share\prims\jni.cpp, line 516]
Event: 323.595 Thread 0x0000021f46edfa20 Exception <a 'sun/nio/fs/WindowsException'{0x00000000dfc76c10}> (0x00000000dfc76c10) 
thrown [s\src\hotspot\share\prims\jni.cpp, line 516]
Event: 323.595 Thread 0x0000021f46edfa20 Exception <a 'sun/nio/fs/WindowsException'{0x00000000dfc77b68}> (0x00000000dfc77b68) 
thrown [s\src\hotspot\share\prims\jni.cpp, line 516]
Event: 323.596 Thread 0x0000021f46edfa20 Exception <a 'sun/nio/fs/WindowsException'{0x00000000dfc77ee8}> (0x00000000dfc77ee8) 
thrown [s\src\hotspot\share\prims\jni.cpp, line 516]
Event: 323.602 Thread 0x0000021f46edfa20 Exception <a 'sun/nio/fs/WindowsException'{0x00000000dfc99240}> (0x00000000dfc99240) 
thrown [s\src\hotspot\share\prims\jni.cpp, line 516]
Event: 323.602 Thread 0x0000021f46edfa20 Exception <a 'sun/nio/fs/WindowsException'{0x00000000dfc99598}> (0x00000000dfc99598) 
thrown [s\src\hotspot\share\prims\jni.cpp, line 516]
Event: 323.603 Thread 0x0000021f46edfa20 Exception <a 'sun/nio/fs/WindowsException'{0x00000000dfc9a4d0}> (0x00000000dfc9a4d0) 
thrown [s\src\hotspot\share\prims\jni.cpp, line 516]
Event: 323.603 Thread 0x0000021f46edfa20 Exception <a 'sun/nio/fs/WindowsException'{0x00000000dfc9a848}> (0x00000000dfc9a848) 
thrown [s\src\hotspot\share\prims\jni.cpp, line 516]
Event: 323.742 Thread 0x0000021f46edfa20 Exception <a 'sun/nio/fs/WindowsException'{0x00000000dfcd3d98}> (0x00000000dfcd3d98) 
thrown [s\src\hotspot\share\prims\jni.cpp, line 516]
Event: 323.742 Thread 0x0000021f46edfa20 Exception <a 'sun/nio/fs/WindowsException'{0x00000000dfcd4118}> (0x00000000dfcd4118) 
thrown [s\src\hotspot\share\prims\jni.cpp, line 516]
Event: 323.742 Thread 0x0000021f46edfa20 Exception <a 'sun/nio/fs/WindowsException'{0x00000000dfcd55d0}> (0x00000000dfcd55d0) 
thrown [s\src\hotspot\share\prims\jni.cpp, line 516]
Event: 323.743 Thread 0x0000021f46edfa20 Exception <a 'sun/nio/fs/WindowsException'{0x00000000dfcd5960}> (0x00000000dfcd5960) 
thrown [s\src\hotspot\share\prims\jni.cpp, line 516]
Event: 323.754 Thread 0x0000021f46edfa20 Exception <a 'sun/nio/fs/WindowsException'{0x00000000dfb01200}> (0x00000000dfb01200) 
thrown [s\src\hotspot\share\prims\jni.cpp, line 516]
Event: 323.754 Thread 0x0000021f46edfa20 Exception <a 'sun/nio/fs/WindowsException'{0x00000000dfb01570}> (0x00000000dfb01570) 
thrown [s\src\hotspot\share\prims\jni.cpp, line 516]
Event: 323.754 Thread 0x0000021f46edfa20 Exception <a 'sun/nio/fs/WindowsException'{0x00000000dfb02a20}> (0x00000000dfb02a20) 
thrown [s\src\hotspot\share\prims\jni.cpp, line 516]
Event: 323.754 Thread 0x0000021f46edfa20 Exception <a 'sun/nio/fs/WindowsException'{0x00000000dfb02db0}> (0x00000000dfb02db0) 
thrown [s\src\hotspot\share\prims\jni.cpp, line 516]
Event: 3623.356 Thread 0x0000021f436b1cf0 Exception <a 'sun/nio/fs/WindowsException'{0x00000000cee2a828}> (0x00000000cee2a828) 
thrown [s\src\hotspot\share\prims\jni.cpp, line 516]
Event: 3623.369 Thread 0x0000021f436b1cf0 Exception <a 'sun/nio/fs/WindowsException'{0x00000000cee2be00}> (0x00000000cee2be00) 
thrown [s\src\hotspot\share\prims\jni.cpp, line 516]

VM Operations (20 events):
Event: 4875.270 Executing VM operation: G1CollectFull done
Event: 4885.535 Executing VM operation: G1CollectFull
Event: 4885.622 Executing VM operation: G1CollectFull done
Event: 4896.254 Executing VM operation: G1CollectFull
Event: 4896.342 Executing VM operation: G1CollectFull done
Event: 4906.577 Executing VM operation: G1CollectFull
Event: 4906.665 Executing VM operation: G1CollectFull done
Event: 4917.421 Executing VM operation: G1CollectFull
Event: 4917.522 Executing VM operation: G1CollectFull done
Event: 4927.793 Executing VM operation: G1CollectFull
Event: 4927.872 Executing VM operation: G1CollectFull done
Event: 4938.427 Executing VM operation: G1CollectFull
Event: 4938.520 Executing VM operation: G1CollectFull done
Event: 4949.771 Executing VM operation: G1CollectFull
Event: 4949.873 Executing VM operation: G1CollectFull done
Event: 4960.709 Executing VM operation: G1CollectFull
Event: 4960.838 Executing VM operation: G1CollectFull done
Event: 4971.826 Executing VM operation: G1CollectFull
Event: 4971.923 Executing VM operation: G1CollectFull done
Event: 4982.297 Executing VM operation: G1CollectFull

Events (20 events):
Event: 566.149 Thread 0x0000021f46f5fa10 Thread exited: 0x0000021f46f5fa10
Event: 626.159 Thread 0x0000021f46f21b70 Thread exited: 0x0000021f46f21b70
Event: 3100.481 Thread 0x0000021f46f21b70 Thread added: 0x0000021f46f21b70
Event: 3100.730 Thread 0x0000021f46ee33e0 Thread added: 0x0000021f46ee33e0
Event: 3161.707 Thread 0x0000021f46ee33e0 Thread exited: 0x0000021f46ee33e0
Event: 3161.707 Thread 0x0000021f46f21b70 Thread exited: 0x0000021f46f21b70
Event: 3616.226 Thread 0x0000021f436b4d10 Thread added: 0x0000021f436b4d10
Event: 3616.349 Thread 0x0000021f436b1cf0 Thread added: 0x0000021f436b1cf0
Event: 3616.363 Thread 0x0000021f44524b20 Thread added: 0x0000021f44524b20
Event: 3623.053 Thread 0x0000021f46f22eb0 Thread added: 0x0000021f46f22eb0
Event: 3625.979 Thread 0x0000021f46f5fee0 Thread added: 0x0000021f46f5fee0
Event: 3632.363 Thread 0x0000021f46f246c0 Thread added: 0x0000021f46f246c0
Event: 3632.370 Thread 0x0000021f46f24b90 Thread added: 0x0000021f46f24b90
Event: 3692.536 Thread 0x0000021f46f246c0 Thread exited: 0x0000021f46f246c0
Event: 3692.577 Thread 0x0000021f44524b20 Thread exited: 0x0000021f44524b20
Event: 3692.577 Thread 0x0000021f436b4d10 Thread exited: 0x0000021f436b4d10
Event: 3698.718 Thread 0x0000021f46f5fee0 Thread exited: 0x0000021f46f5fee0
Event: 3698.718 Thread 0x0000021f436b1cf0 Thread exited: 0x0000021f436b1cf0
Event: 3758.767 Thread 0x0000021f46f24b90 Thread exited: 0x0000021f46f24b90
Event: 3818.760 Thread 0x0000021f46f22eb0 Thread exited: 0x0000021f46f22eb0


Dynamic libraries:
0x00007ff60d510000 - 0x00007ff60d51e000 	c:\Users\crist\.vscode\extensions\redhat.java-1.13.0-win32-x64\jre\17.0.5-win32-x86_64\bin\java.exe
0x00007fffb5fd0000 - 0x00007fffb61c8000 	C:\WINDOWS\SYSTEM32\ntdll.dll
0x00007fffb4ba0000 - 0x00007fffb4c5f000 	C:\WINDOWS\System32\KERNEL32.DLL
0x00007fffb38d0000 - 0x00007fffb3ba2000 	C:\WINDOWS\System32\KERNELBASE.dll
0x00007fffb3e50000 - 0x00007fffb3f50000 	C:\WINDOWS\System32\ucrtbase.dll
0x00007fffa2000000 - 0x00007fffa2019000 	c:\Users\crist\.vscode\extensions\redhat.java-1.13.0-win32-x64\jre\17.0.5-win32-x86_64\bin\VCRUNTIME140.dll
0x00007fffa24a0000 - 0x00007fffa24b7000 	c:\Users\crist\.vscode\extensions\redhat.java-1.13.0-win32-x64\jre\17.0.5-win32-x86_64\bin\jli.dll
0x00007fffb4d20000 - 0x00007fffb4ec1000 	C:\WINDOWS\System32\USER32.dll
0x00007fffa6930000 - 0x00007fffa6bca000 	C:\WINDOWS\WinSxS\amd64_microsoft.windows.common-controls_6595b64144ccf1df_6.0.19041.1110_none_60b5254171f9507e\COMCTL32.dll
0x00007fffb3bb0000 - 0x00007fffb3bd2000 	C:\WINDOWS\System32\win32u.dll
0x00007fffb4aa0000 - 0x00007fffb4b3e000 	C:\WINDOWS\System32\msvcrt.dll
0x00007fffb5690000 - 0x00007fffb56bb000 	C:\WINDOWS\System32\GDI32.dll
0x00007fffb3d40000 - 0x00007fffb3e4f000 	C:\WINDOWS\System32\gdi32full.dll
0x00007fffb36c0000 - 0x00007fffb375d000 	C:\WINDOWS\System32\msvcp_win.dll
0x00007fffb5840000 - 0x00007fffb5872000 	C:\WINDOWS\System32\IMM32.DLL
0x00007fffb0eb0000 - 0x00007fffb0ebc000 	c:\Users\crist\.vscode\extensions\redhat.java-1.13.0-win32-x64\jre\17.0.5-win32-x86_64\bin\vcruntime140_1.dll
0x00007fff828a0000 - 0x00007fff82931000 	c:\Users\crist\.vscode\extensions\redhat.java-1.13.0-win32-x64\jre\17.0.5-win32-x86_64\bin\msvcp140.dll
0x00007fff56170000 - 0x00007fff56db4000 	c:\Users\crist\.vscode\extensions\redhat.java-1.13.0-win32-x64\jre\17.0.5-win32-x86_64\bin\server\jvm.dll
0x00007fffb4c60000 - 0x00007fffb4d0e000 	C:\WINDOWS\System32\ADVAPI32.dll
0x00007fffb5740000 - 0x00007fffb57dc000 	C:\WINDOWS\System32\sechost.dll
0x00007fffb5890000 - 0x00007fffb59b5000 	C:\WINDOWS\System32\RPCRT4.dll
0x00007fffa3e40000 - 0x00007fffa3e49000 	C:\WINDOWS\SYSTEM32\WSOCK32.dll
0x00007fffaeef0000 - 0x00007fffaef17000 	C:\WINDOWS\SYSTEM32\WINMM.dll
0x00007fffabe10000 - 0x00007fffabe1a000 	C:\WINDOWS\SYSTEM32\VERSION.dll
0x00007fffb5620000 - 0x00007fffb568b000 	C:\WINDOWS\System32\WS2_32.dll
0x00007fffb1580000 - 0x00007fffb1592000 	C:\WINDOWS\SYSTEM32\kernel.appcore.dll
0x00007fffa8440000 - 0x00007fffa844a000 	c:\Users\crist\.vscode\extensions\redhat.java-1.13.0-win32-x64\jre\17.0.5-win32-x86_64\bin\jimage.dll
0x00007fffa34c0000 - 0x00007fffa36a4000 	C:\WINDOWS\SYSTEM32\DBGHELP.DLL
0x00007fffa3480000 - 0x00007fffa34b5000 	C:\WINDOWS\SYSTEM32\dbgcore.DLL
0x00007fffb3f80000 - 0x00007fffb4002000 	C:\WINDOWS\System32\bcryptPrimitives.dll
0x00007fff9f7e0000 - 0x00007fff9f805000 	c:\Users\crist\.vscode\extensions\redhat.java-1.13.0-win32-x64\jre\17.0.5-win32-x86_64\bin\java.dll
0x00007fffa3250000 - 0x00007fffa3268000 	c:\Users\crist\.vscode\extensions\redhat.java-1.13.0-win32-x64\jre\17.0.5-win32-x86_64\bin\zip.dll
0x00007fffb4ed0000 - 0x00007fffb5614000 	C:\WINDOWS\System32\SHELL32.dll
0x00007fffb1780000 - 0x00007fffb1f12000 	C:\WINDOWS\SYSTEM32\windows.storage.dll
0x00007fffb5b80000 - 0x00007fffb5ed5000 	C:\WINDOWS\System32\combase.dll
0x00007fffb3120000 - 0x00007fffb3150000 	C:\WINDOWS\SYSTEM32\Wldp.dll
0x00007fffb5ee0000 - 0x00007fffb5f8d000 	C:\WINDOWS\System32\SHCORE.dll
0x00007fffb4b40000 - 0x00007fffb4b95000 	C:\WINDOWS\System32\shlwapi.dll
0x00007fffb3600000 - 0x00007fffb361f000 	C:\WINDOWS\SYSTEM32\profapi.dll
0x00007fff9c400000 - 0x00007fff9c419000 	C:\Users\crist\.vscode\extensions\redhat.java-1.13.0-win32-x64\jre\17.0.5-win32-x86_64\bin\net.dll
0x00007fffacff0000 - 0x00007fffad0fc000 	C:\WINDOWS\SYSTEM32\WINHTTP.dll
0x00007fffb2e80000 - 0x00007fffb2eea000 	C:\WINDOWS\system32\mswsock.dll
0x00007fff8b910000 - 0x00007fff8b925000 	C:\Users\crist\.vscode\extensions\redhat.java-1.13.0-win32-x64\jre\17.0.5-win32-x86_64\bin\nio.dll
0x00007fffa1050000 - 0x00007fffa1060000 	c:\Users\crist\.vscode\extensions\redhat.java-1.13.0-win32-x64\jre\17.0.5-win32-x86_64\bin\verify.dll
0x00007fff9a080000 - 0x00007fff9a089000 	C:\Users\crist\.vscode\extensions\redhat.java-1.13.0-win32-x64\jre\17.0.5-win32-x86_64\bin\management.dll
0x00007fff9a070000 - 0x00007fff9a07b000 	C:\Users\crist\.vscode\extensions\redhat.java-1.13.0-win32-x64\jre\17.0.5-win32-x86_64\bin\management_ext.dll
0x00007fffb4010000 - 0x00007fffb4018000 	C:\WINDOWS\System32\PSAPI.DLL
0x00007fffa4cb0000 - 0x00007fffa4cc7000 	C:\WINDOWS\system32\napinsp.dll
0x00007fff62a40000 - 0x00007fff62a5b000 	C:\WINDOWS\system32\pnrpnsp.dll
0x00007fff97820000 - 0x00007fff97835000 	C:\WINDOWS\system32\wshbth.dll
0x00007fffb02a0000 - 0x00007fffb02bd000 	C:\WINDOWS\system32\NLAapi.dll
0x00007fffb2b20000 - 0x00007fffb2b5b000 	C:\WINDOWS\SYSTEM32\IPHLPAPI.DLL
0x00007fffb2b70000 - 0x00007fffb2c3a000 	C:\WINDOWS\SYSTEM32\DNSAPI.dll
0x00007fffb5880000 - 0x00007fffb5888000 	C:\WINDOWS\System32\NSI.dll
0x00007fff62a20000 - 0x00007fff62a32000 	C:\WINDOWS\System32\winrnr.dll
0x00007fffad100000 - 0x00007fffad10a000 	C:\Windows\System32\rasadhlp.dll
0x00007fffab800000 - 0x00007fffab880000 	C:\WINDOWS\System32\fwpuclnt.dll
0x00007fffb3f50000 - 0x00007fffb3f77000 	C:\WINDOWS\System32\bcrypt.dll
0x00007fffb3070000 - 0x00007fffb3088000 	C:\WINDOWS\SYSTEM32\CRYPTSP.dll
0x00007fffb2730000 - 0x00007fffb2764000 	C:\WINDOWS\system32\rsaenh.dll
0x00007fffb3580000 - 0x00007fffb35ae000 	C:\WINDOWS\SYSTEM32\USERENV.dll
0x00007fffb3090000 - 0x00007fffb309c000 	C:\WINDOWS\SYSTEM32\CRYPTBASE.dll
0x00007fffaded0000 - 0x00007fffadee7000 	C:\WINDOWS\SYSTEM32\dhcpcsvc6.DLL
0x00007fffadeb0000 - 0x00007fffadecd000 	C:\WINDOWS\SYSTEM32\dhcpcsvc.DLL
0x00007fffa0020000 - 0x00007fffa002e000 	C:\Users\crist\.vscode\extensions\redhat.java-1.13.0-win32-x64\jre\17.0.5-win32-x86_64\bin\sunmscapi.dll
0x00007fffb3be0000 - 0x00007fffb3d36000 	C:\WINDOWS\System32\CRYPT32.dll
0x00007fffb3190000 - 0x00007fffb31b7000 	C:\WINDOWS\SYSTEM32\ncrypt.dll
0x00007fffb3150000 - 0x00007fffb318b000 	C:\WINDOWS\SYSTEM32\NTASN1.dll
0x000000006c500000 - 0x000000006c5c7000 	C:\Users\crist\AppData\Local\Temp\snappy-1.1.8-c5f730f5-334f-40dd-a1d3-2601b922120f-snappyjava.dll

dbghelp: loaded successfully - version: 4.0.5 - missing functions: none
symbol engine: initialized successfully - sym options: 0x614 - pdb path: .;c:\Users\crist\.vscode\extensions\redhat.java-1.13.0-win32-x64\jre\17.0.5-win32-x86_64\bin;C:\WINDOWS\SYSTEM32;C:\WINDOWS\WinSxS\amd64_microsoft.windows.common-controls_6595b64144ccf1df_6.0.19041.1110_none_60b5254171f9507e;c:\Users\crist\.vscode\extensions\redhat.java-1.13.0-win32-x64\jre\17.0.5-win32-x86_64\bin\server;C:\Users\crist\AppData\Local\Temp

VM Arguments:
jvm_args: -Dsts.lsp.client=vscode -Dsts.log.file=/dev/null -XX:TieredStopAtLevel=1 -Xlog:jni+resolve=off -Dspring.config.location=file:c:\Users\crist\.vscode\extensions\pivotal.vscode-spring-boot-1.42.0\language-server\BOOT-INF\classes\application.properties 
java_command: org.springframework.ide.vscode.boot.app.BootLanguageServerBootApp
java_class_path (initial): c:\Users\crist\.vscode\extensions\pivotal.vscode-spring-boot-1.42.0\language-server\BOOT-INF\classes;c:\Users\crist\.vscode\extensions\pivotal.vscode-spring-boot-1.42.0\language-server\BOOT-INF\lib\annotations-23.1.0.jar;c:\Users\crist\.vscode\extensions\pivotal.vscode-spring-boot-1.42.0\language-server\BOOT-INF\lib\ant-1.10.12.jar;c:\Users\crist\.vscode\extensions\pivotal.vscode-spring-boot-1.42.0\language-server\BOOT-INF\lib\ant-launcher-1.10.12.jar;c:\Users\crist\.vscode\extensions\pivotal.vscode-spring-boot-1.42.0\language-server\BOOT-INF\lib\antlr-runtime-3.5.2.jar;c:\Users\crist\.vscode\extensions\pivotal.vscode-spring-boot-1.42.0\language-server\BOOT-INF\lib\antlr4-4.9.3.jar;c:\Users\crist\.vscode\extensions\pivotal.vscode-spring-boot-1.42.0\language-server\BOOT-INF\lib\antlr4-runtime-4.9.3.jar;c:\Users\crist\.vscode\extensions\pivotal.vscode-spring-boot-1.42.0\language-server\BOOT-INF\lib\apiguardian-api-1.1.2.jar;c:\Users\crist\.vscode\extensions\pivotal.vscode-spring-boot-1.42.0\language-server\BOOT-INF\lib\asm-9.4.jar;c:\Users\crist\.vscode\extensions\pivotal.vscode-spring-boot-1.42.0\language-server\BOOT-INF\lib\asm-analysis-9.4.jar;c:\Users\crist\.vscode\extensions\pivotal.vscode-spring-boot-1.42.0\language-server\BOOT-INF\lib\asm-tree-9.4.jar;c:\Users\crist\.vscode\extensions\pivotal.vscode-spring-boot-1.42.0\language-server\BOOT-INF\lib\asm-util-9.4.jar;c:\Users\crist\.vscode\extensions\pivotal.vscode-spring-boot-1.42.0\language-server\BOOT-INF\lib\caffeine-2.9.3.jar;c:\Users\crist\.vscode\extensions\pivotal.vscode-spring-boot-1.42.0\language-server\BOOT-INF\lib\checker-qual-3.12.0.jar;c:\Users\crist\.vscode\extensions\pivotal.vscode-spring-boot-1.42.0\language-server\BOOT-INF\lib\ci-environment-9.1.0.jar;c:\Users\crist\.vscode\extensions\pivotal.vscode-spring-boot-1.42.0\language-server\BOOT-INF\lib\classgraph-4.8.149.jar;c:\Users\crist\.vscode\extensions\pivotal.vscode-spring-boot-1.42.0\language-server\BOOT-INF\lib\comm
Launcher Type: SUN_STANDARD

[Global flags]
     intx CICompilerCount                          = 3                                         {product} {ergonomic}
     uint ConcGCThreads                            = 1                                         {product} {ergonomic}
     uint G1ConcRefinementThreads                  = 4                                         {product} {ergonomic}
   size_t G1HeapRegionSize                         = 1048576                                   {product} {ergonomic}
    uintx GCDrainStackTargetSize                   = 64                                        {product} {ergonomic}
   size_t InitialHeapSize                          = 67108864                                  {product} {ergonomic}
   size_t MarkStackSize                            = 4194304                                   {product} {ergonomic}
   size_t MaxHeapSize                              = 1050673152                                {product} {ergonomic}
   size_t MaxNewSize                               = 630194176                                 {product} {ergonomic}
   size_t MinHeapDeltaBytes                        = 1048576                                   {product} {ergonomic}
   size_t MinHeapSize                              = 8388608                                   {product} {ergonomic}
    uintx NonProfiledCodeHeapSize                  = 0                                      {pd product} {ergonomic}
     bool ProfileInterpreter                       = false                                  {pd product} {command line}
    uintx ProfiledCodeHeapSize                     = 0                                      {pd product} {ergonomic}
   size_t SoftMaxHeapSize                          = 1050673152                             {manageable} {ergonomic}
     intx TieredStopAtLevel                        = 1                                         {product} {command line}
     bool UseCompressedClassPointers               = true                           {product lp64_product} {ergonomic}
     bool UseCompressedOops                        = true                           {product lp64_product} {ergonomic}
     bool UseG1GC                                  = true                                      {product} {ergonomic}
     bool UseLargePagesIndividualAllocation        = false                                  {pd product} {ergonomic}

Logging:
Log output configuration:
 #0: stdout all=warning,jni+resolve=off uptime,level,tags
 #1: stderr all=off uptime,level,tags

Environment Variables:
JAVA_HOME=C:\Program Files\Java\jdk-19
PATH=C:\Program Files\Common Files\Oracle\Java\javapath;C:\WINDOWS\system32;C:\WINDOWS;C:\WINDOWS\System32\Wbem;C:\WINDOWS\System32\WindowsPowerShell\v1.0\;C:\WINDOWS\System32\OpenSSH\;C:\Program Files\nodejs\;C:\Program Files\Java\jdk-19\bin;C:\apache-maven-3.8.6\bin;C:\android_sdk\tools;C:\android_sdk\platform-tools;C:\android_sdk\build\33.0.1;C:\gradle\bin;C:\android_sdk\emulator;C:\android_sdk\tools\bin;C:\Program Files\Git\cmd;C:\Users\crist\AppData\Local\Programs\Python\Python311\Scripts\;C:\Users\crist\AppData\Local\Programs\Python\Python311\;C:\Users\crist\AppData\Local\Microsoft\WindowsApps;;C:\Users\crist\AppData\Local\Programs\Microsoft VS Code\bin;C:\Users\crist\AppData\Roaming\npm
USERNAME=crist
OS=Windows_NT
PROCESSOR_IDENTIFIER=Intel64 Family 6 Model 69 Stepping 1, GenuineIntel
TMP=C:\Users\crist\AppData\Local\Temp
TEMP=C:\Users\crist\AppData\Local\Temp



---------------  S Y S T E M  ---------------

OS:
 Windows 10 , 64 bit Build 19041 (10.0.19041.2364)
OS uptime: 7 days 22:43 hours

CPU: total 4 (initial active 4) (2 cores per cpu, 2 threads per core) family 6 model 69 stepping 1 microcode 0x25, cx8, cmov, fxsr, ht, mmx, sse, sse2, sse3, ssse3, sse4.1, sse4.2, popcnt, lzcnt, tsc, tscinvbit, avx, avx2, aes, erms, clmul, bmi1, bmi2, fma, vzeroupper, clflush

Memory: 4k page, system-wide physical 4000M (7M free)
TotalPageFile size 16288M (AvailPageFile size 0M)
current process WorkingSet (physical memory assigned to process): 104M, peak: 631M
current process commit charge ("private bytes"): 405M, peak: 894M

vm_info: OpenJDK 64-Bit Server VM (17.0.5+8) for windows-amd64 JRE (17.0.5+8), built on Oct 19 2022 04:48:13 by "temurin" with MS VC++ 16.7 (VS2019)

END.
